Mono path[0] = 'D:/SteamLibrary/steamapps/common/Dinkum/Dinkum_Data/Managed'
Mono config path = 'D:/SteamLibrary/steamapps/common/Dinkum/MonoBleedingEdge/etc'
Initialize engine version: 2020.3.17f1 (a4537701e4ab)
[Subsystems] Discovering subsystems at path D:/SteamLibrary/steamapps/common/Dinkum/Dinkum_Data/UnitySubsystems
GfxDevice: creating device client; threaded=1
Direct3D:
    Version:  Direct3D 11.0 [level 11.1]
    Renderer: AMD Radeon RX 6800 XT (ID=0x73bf)
    Vendor:   
    VRAM:     16337 MB
    Driver:   31.0.21023.2010
Begin MonoManager ReloadAssembly
- Completed reload, in  0.074 seconds
<RI> Initializing input.
New input system (experimental) initialized
<RI> Input initialized.
D3D11 device created for Microsoft Media Foundation video decoding.
<RI> Initialized touch support.
UnloadTime: 4.629100 ms
NullReferenceException: Object reference not set to an instance of an object
  at CharacterCreatorScript.OnEnable () [0x0000d] in <b56eb1854d9c43a2afc9c03601a8ffd7>:0 

TelepathyTransport initialized!

Parent of RectTransform is being set with parent property. Consider using the SetParent method instead, with the worldPositionStays argument set to false. This will retain local orientation and scale rather than world orientation and scale, which can prevent common UI scaling issues.

Parent of RectTransform is being set with parent property. Consider using the SetParent method instead, with the worldPositionStays argument set to false. This will retain local orientation and scale rather than world orientation and scale, which can prevent common UI scaling issues.

Lasted version saved 6

Starting server [SteamSockets].

Server started listening

STEAM - Leaving lobby 0

STEAM - Disconnected

STEAM - Leaving lobby 0

STEAM - Disconnected

Transport shut down - was server.

TelepathyTransport Shutdown()

NullReferenceException
  at (wrapper managed-to-native) UnityEngine.MonoBehaviour.IsObjectMonoBehaviour(UnityEngine.Object)
  at UnityEngine.MonoBehaviour.StartCoroutine (System.Collections.IEnumerator routine) [0x00014] in <cd921286721b4b2b848c201e3629379f>:0 
  at NotificationManager.makeTopNotification (System.String notificationString, System.String subText, ASound notificationSound, System.Single secondsToShow) [0x00036] in <b56eb1854d9c43a2afc9c03601a8ffd7>:0 
  at EquipItemToChar.OnDestroy () [0x00015] in <b56eb1854d9c43a2afc9c03601a8ffd7>:0 

UnloadTime: 298.532600 ms
Setting up 10 worker threads for Enlighten.
  Thread -> id: 1768 -> priority: 1 
  Thread -> id: 10a4 -> priority: 1 
  Thread -> id: 4fb0 -> priority: 1 
  Thread -> id: 63d4 -> priority: 1 
  Thread -> id: 5acc -> priority: 1 
  Thread -> id: 6140 -> priority: 1 
  Thread -> id: a24 -> priority: 1 
  Thread -> id: 2d94 -> priority: 1 
  Thread -> id: 5aec -> priority: 1 
  Thread -> id: 77c -> priority: 1 
