JContainers64 4.2.3
plugin loaded
Registering functions started
NativeFunction.Ctor object state 000002372EC32FF8 000002372EC32FF8
NativeFunction.Ctor objectWithSize state 000002372EC32FF8 000002372EC32FF8
NativeFunction.Ctor objectWithInts state 000002372EC32FF8 000002372EC32FF8
NativeFunction.Ctor objectWithStrings state 000002372EC32FF8 000002372EC32FF8
NativeFunction.Ctor objectWithFloats state 000002372EC32FF8 000002372EC32FF8
NativeFunction.Ctor objectWithBooleans state 000002372EC32FF8 000002372EC32FF8
NativeFunction.Ctor objectWithForms state 000002372EC32FF8 000002372EC32FF8
NativeFunction.Ctor subArray state 000002372EC32FF8 000002372EC32FF8
NativeFunction.Ctor addFromArray state 000002372EC32FF8 000002372EC32FF8
NativeFunction.Ctor addFromFormList state 000002372EC32FF8 000002372EC32FF8
NativeFunction.Ctor getInt state 000002372EC32FF8 000002372EC32FF8
NativeFunction.Ctor getFlt state 000002372EC32FF8 000002372EC32FF8
NativeFunction.Ctor getStr state 000002372EC32FF8 000002372EC32FF8
NativeFunction.Ctor getObj state 000002372EC32FF8 000002372EC32FF8
NativeFunction.Ctor getForm state 000002372EC32FF8 000002372EC32FF8
NativeFunction.Ctor asIntArray state 000002372EC32FF8 000002372EC32FF8
NativeFunction.Ctor asFloatArray state 000002372EC32FF8 000002372EC32FF8
NativeFunction.Ctor asStringArray state 000002372EC32FF8 000002372EC32FF8
NativeFunction.Ctor asFormArray state 000002372EC32FF8 000002372EC32FF8
NativeFunction.Ctor findInt state 000002372EC32FF8 000002372EC32FF8
NativeFunction.Ctor findFlt state 000002372EC32FF8 000002372EC32FF8
NativeFunction.Ctor findStr state 000002372EC32FF8 000002372EC32FF8
NativeFunction.Ctor findObj state 000002372EC32FF8 000002372EC32FF8
NativeFunction.Ctor findForm state 000002372EC32FF8 000002372EC32FF8
NativeFunction.Ctor countInteger state 000002372EC32FF8 000002372EC32FF8
NativeFunction.Ctor countFloat state 000002372EC32FF8 000002372EC32FF8
NativeFunction.Ctor countString state 000002372EC32FF8 000002372EC32FF8
NativeFunction.Ctor countObject state 000002372EC32FF8 000002372EC32FF8
NativeFunction.Ctor countForm state 000002372EC32FF8 000002372EC32FF8
NativeFunction.Ctor setInt state 000002372EC32FF8 000002372EC32FF8
NativeFunction.Ctor setFlt state 000002372EC32FF8 000002372EC32FF8
NativeFunction.Ctor setStr state 000002372EC32FF8 000002372EC32FF8
NativeFunction.Ctor setObj state 000002372EC32FF8 000002372EC32FF8
NativeFunction.Ctor setForm state 000002372EC32FF8 000002372EC32FF8
NativeFunction.Ctor addInt state 000002372EC32FF8 000002372EC32FF8
NativeFunction.Ctor addFlt state 000002372EC32FF8 000002372EC32FF8
NativeFunction.Ctor addStr state 000002372EC32FF8 000002372EC32FF8
NativeFunction.Ctor addObj state 000002372EC32FF8 000002372EC32FF8
NativeFunction.Ctor addForm state 000002372EC32FF8 000002372EC32FF8
NativeFunction.Ctor count state 000002372EC32FF8 000002372EC32FF8
NativeFunction.Ctor clear state 000002372EC32FF8 000002372EC32FF8
NativeFunction.Ctor eraseIndex state 000002372EC32FF8 000002372EC32FF8
NativeFunction.Ctor eraseRange state 000002372EC32FF8 000002372EC32FF8
NativeFunction.Ctor eraseInteger state 000002372EC32FF8 000002372EC32FF8
NativeFunction.Ctor eraseFloat state 000002372EC32FF8 000002372EC32FF8
NativeFunction.Ctor eraseString state 000002372EC32FF8 000002372EC32FF8
NativeFunction.Ctor eraseObject state 000002372EC32FF8 000002372EC32FF8
NativeFunction.Ctor eraseForm state 000002372EC32FF8 000002372EC32FF8
NativeFunction.Ctor valueType state 000002372EC32FF8 000002372EC32FF8
NativeFunction.Ctor swapItems state 000002372EC32FF8 000002372EC32FF8
NativeFunction.Ctor sort state 000002372EC32FF8 000002372EC32FF8
NativeFunction.Ctor unique state 000002372EC32FF8 000002372EC32FF8
NativeFunction.Ctor reverse state 000002372EC32FF8 000002372EC32FF8
NativeFunction.Ctor writeToIntegerPArray state 000002372EC32FF8 000002372EC32FF8
NativeFunction.Ctor writeToFloatPArray state 000002372EC32FF8 000002372EC32FF8
NativeFunction.Ctor writeToFormPArray state 000002372EC32FF8 000002372EC32FF8
NativeFunction.Ctor writeToStringPArray state 000002372EC32FF8 000002372EC32FF8
NativeFunction.Ctor fetchAddInt state 000002372EC32FF8 000002372EC32FF8
NativeFunction.Ctor fetchAddFlt state 000002372EC32FF8 000002372EC32FF8
NativeFunction.Ctor fetchMultInt state 000002372EC32FF8 000002372EC32FF8
NativeFunction.Ctor fetchMultFlt state 000002372EC32FF8 000002372EC32FF8
NativeFunction.Ctor fetchModInt state 000002372EC32FF8 000002372EC32FF8
NativeFunction.Ctor fetchDivInt state 000002372EC32FF8 000002372EC32FF8
NativeFunction.Ctor fetchDivFlt state 000002372EC32FF8 000002372EC32FF8
NativeFunction.Ctor fetchAndInt state 000002372EC32FF8 000002372EC32FF8
NativeFunction.Ctor fetchXorInt state 000002372EC32FF8 000002372EC32FF8
NativeFunction.Ctor fetchOrInt state 000002372EC32FF8 000002372EC32FF8
NativeFunction.Ctor exchangeInt state 000002372EC32FF8 000002372EC32FF8
NativeFunction.Ctor exchangeFlt state 000002372EC32FF8 000002372EC32FF8
NativeFunction.Ctor exchangeStr state 000002372EC32FF8 000002372EC32FF8
NativeFunction.Ctor exchangeForm state 000002372EC32FF8 000002372EC32FF8
NativeFunction.Ctor exchangeObj state 000002372EC32FF8 000002372EC32FF8
NativeFunction.Ctor compareExchangeInt state 000002372EC32FF8 000002372EC32FF8
NativeFunction.Ctor compareExchangeFlt state 000002372EC32FF8 000002372EC32FF8
NativeFunction.Ctor compareExchangeStr state 000002372EC32FF8 000002372EC32FF8
NativeFunction.Ctor compareExchangeForm state 000002372EC32FF8 000002372EC32FF8
NativeFunction.Ctor compareExchangeObj state 000002372EC32FF8 000002372EC32FF8
NativeFunction.Ctor solveFlt state 000002372EC32FF8 000002372EC32FF8
NativeFunction.Ctor solveInt state 000002372EC32FF8 000002372EC32FF8
NativeFunction.Ctor solveStr state 000002372EC32FF8 000002372EC32FF8
NativeFunction.Ctor solveObj state 000002372EC32FF8 000002372EC32FF8
NativeFunction.Ctor solveForm state 000002372EC32FF8 000002372EC32FF8
NativeFunction.Ctor solveFltSetter state 000002372EC32FF8 000002372EC32FF8
NativeFunction.Ctor solveIntSetter state 000002372EC32FF8 000002372EC32FF8
NativeFunction.Ctor solveStrSetter state 000002372EC32FF8 000002372EC32FF8
NativeFunction.Ctor solveObjSetter state 000002372EC32FF8 000002372EC32FF8
NativeFunction.Ctor solveFormSetter state 000002372EC32FF8 000002372EC32FF8
NativeFunction.Ctor setObj state 000002372EC32FF8 000002372EC32FF8
NativeFunction.Ctor hasPath state 000002372EC32FF8 000002372EC32FF8
NativeFunction.Ctor allKeys state 000002372EC32FF8 000002372EC32FF8
NativeFunction.Ctor allValues state 000002372EC32FF8 000002372EC32FF8
NativeFunction.Ctor writeToFile state 000002372EC32FF8 000002372EC32FF8
NativeFunction.Ctor root state 000002372EC32FF8 000002372EC32FF8
NativeFunction.Ctor setEntry state 000002372EC32FF8 000002372EC32FF8
NativeFunction.Ctor makeEntry state 000002372EC32FF8 000002372EC32FF8
NativeFunction.Ctor findEntry state 000002372EC32FF8 000002372EC32FF8
NativeFunction.Ctor solveFlt state 000002372EC32FF8 000002372EC32FF8
NativeFunction.Ctor solveInt state 000002372EC32FF8 000002372EC32FF8
NativeFunction.Ctor solveStr state 000002372EC32FF8 000002372EC32FF8
NativeFunction.Ctor solveObj state 000002372EC32FF8 000002372EC32FF8
NativeFunction.Ctor solveForm state 000002372EC32FF8 000002372EC32FF8
NativeFunction.Ctor solveFltSetter state 000002372EC32FF8 000002372EC32FF8
NativeFunction.Ctor solveIntSetter state 000002372EC32FF8 000002372EC32FF8
NativeFunction.Ctor solveStrSetter state 000002372EC32FF8 000002372EC32FF8
NativeFunction.Ctor solveObjSetter state 000002372EC32FF8 000002372EC32FF8
NativeFunction.Ctor solveFormSetter state 000002372EC32FF8 000002372EC32FF8
NativeFunction.Ctor hasPath state 000002372EC32FF8 000002372EC32FF8
NativeFunction.Ctor allKeys state 000002372EC32FF8 000002372EC32FF8
NativeFunction.Ctor allValues state 000002372EC32FF8 000002372EC32FF8
NativeFunction.Ctor getInt state 000002372EC32FF8 000002372EC32FF8
NativeFunction.Ctor getFlt state 000002372EC32FF8 000002372EC32FF8
NativeFunction.Ctor getStr state 000002372EC32FF8 000002372EC32FF8
NativeFunction.Ctor getObj state 000002372EC32FF8 000002372EC32FF8
NativeFunction.Ctor getForm state 000002372EC32FF8 000002372EC32FF8
NativeFunction.Ctor setInt state 000002372EC32FF8 000002372EC32FF8
NativeFunction.Ctor setFlt state 000002372EC32FF8 000002372EC32FF8
NativeFunction.Ctor setStr state 000002372EC32FF8 000002372EC32FF8
NativeFunction.Ctor setObj state 000002372EC32FF8 000002372EC32FF8
NativeFunction.Ctor setForm state 000002372EC32FF8 000002372EC32FF8
NativeFunction.Ctor object state 000002372EC32FF8 000002372EC32FF8
NativeFunction.Ctor getInt state 000002372EC32FF8 000002372EC32FF8
NativeFunction.Ctor getFlt state 000002372EC32FF8 000002372EC32FF8
NativeFunction.Ctor getStr state 000002372EC32FF8 000002372EC32FF8
NativeFunction.Ctor getObj state 000002372EC32FF8 000002372EC32FF8
NativeFunction.Ctor getForm state 000002372EC32FF8 000002372EC32FF8
NativeFunction.Ctor setInt state 000002372EC32FF8 000002372EC32FF8
NativeFunction.Ctor setFlt state 000002372EC32FF8 000002372EC32FF8
NativeFunction.Ctor setStr state 000002372EC32FF8 000002372EC32FF8
NativeFunction.Ctor setObj state 000002372EC32FF8 000002372EC32FF8
NativeFunction.Ctor setForm state 000002372EC32FF8 000002372EC32FF8
NativeFunction.Ctor hasKey state 000002372EC32FF8 000002372EC32FF8
NativeFunction.Ctor valueType state 000002372EC32FF8 000002372EC32FF8
NativeFunction.Ctor allKeys state 000002372EC32FF8 000002372EC32FF8
NativeFunction.Ctor allKeysPArray state 000002372EC32FF8 000002372EC32FF8
NativeFunction.Ctor allValues state 000002372EC32FF8 000002372EC32FF8
NativeFunction.Ctor removeKey state 000002372EC32FF8 000002372EC32FF8
NativeFunction.Ctor count state 000002372EC32FF8 000002372EC32FF8
NativeFunction.Ctor clear state 000002372EC32FF8 000002372EC32FF8
NativeFunction.Ctor addPairs state 000002372EC32FF8 000002372EC32FF8
NativeFunction.Ctor nextKey state 000002372EC32FF8 000002372EC32FF8
NativeFunction.Ctor getNthKey state 000002372EC32FF8 000002372EC32FF8
NativeFunction.Ctor object state 000002372EC32FF8 000002372EC32FF8
NativeFunction.Ctor getInt state 000002372EC32FF8 000002372EC32FF8
NativeFunction.Ctor getFlt state 000002372EC32FF8 000002372EC32FF8
NativeFunction.Ctor getStr state 000002372EC32FF8 000002372EC32FF8
NativeFunction.Ctor getObj state 000002372EC32FF8 000002372EC32FF8
NativeFunction.Ctor getForm state 000002372EC32FF8 000002372EC32FF8
NativeFunction.Ctor setInt state 000002372EC32FF8 000002372EC32FF8
NativeFunction.Ctor setFlt state 000002372EC32FF8 000002372EC32FF8
NativeFunction.Ctor setStr state 000002372EC32FF8 000002372EC32FF8
NativeFunction.Ctor setObj state 000002372EC32FF8 000002372EC32FF8
NativeFunction.Ctor setForm state 000002372EC32FF8 000002372EC32FF8
NativeFunction.Ctor hasKey state 000002372EC32FF8 000002372EC32FF8
NativeFunction.Ctor valueType state 000002372EC32FF8 000002372EC32FF8
NativeFunction.Ctor allKeys state 000002372EC32FF8 000002372EC32FF8
NativeFunction.Ctor allKeysPArray state 000002372EC32FF8 000002372EC32FF8
NativeFunction.Ctor allValues state 000002372EC32FF8 000002372EC32FF8
NativeFunction.Ctor removeKey state 000002372EC32FF8 000002372EC32FF8
NativeFunction.Ctor count state 000002372EC32FF8 000002372EC32FF8
NativeFunction.Ctor clear state 000002372EC32FF8 000002372EC32FF8
NativeFunction.Ctor addPairs state 000002372EC32FF8 000002372EC32FF8
NativeFunction.Ctor nextKey state 000002372EC32FF8 000002372EC32FF8
NativeFunction.Ctor getNthKey state 000002372EC32FF8 000002372EC32FF8
NativeFunction.Ctor evalLuaFlt state 000002372EC32FF8 000002372EC32FF8
NativeFunction.Ctor evalLuaInt state 000002372EC32FF8 000002372EC32FF8
NativeFunction.Ctor evalLuaStr state 000002372EC32FF8 000002372EC32FF8
NativeFunction.Ctor evalLuaObj state 000002372EC32FF8 000002372EC32FF8
NativeFunction.Ctor evalLuaForm state 000002372EC32FF8 000002372EC32FF8
NativeFunction.Ctor setStr state 000002372EC32FF8 000002372EC32FF8
NativeFunction.Ctor setFlt state 000002372EC32FF8 000002372EC32FF8
NativeFunction.Ctor setInt state 000002372EC32FF8 000002372EC32FF8
NativeFunction.Ctor setForm state 000002372EC32FF8 000002372EC32FF8
NativeFunction.Ctor setObj state 000002372EC32FF8 000002372EC32FF8
NativeFunction.Ctor object state 000002372EC32FF8 000002372EC32FF8
NativeFunction.Ctor getInt state 000002372EC32FF8 000002372EC32FF8
NativeFunction.Ctor getFlt state 000002372EC32FF8 000002372EC32FF8
NativeFunction.Ctor getStr state 000002372EC32FF8 000002372EC32FF8
NativeFunction.Ctor getObj state 000002372EC32FF8 000002372EC32FF8
NativeFunction.Ctor getForm state 000002372EC32FF8 000002372EC32FF8
NativeFunction.Ctor setInt state 000002372EC32FF8 000002372EC32FF8
NativeFunction.Ctor setFlt state 000002372EC32FF8 000002372EC32FF8
NativeFunction.Ctor setStr state 000002372EC32FF8 000002372EC32FF8
NativeFunction.Ctor setObj state 000002372EC32FF8 000002372EC32FF8
NativeFunction.Ctor setForm state 000002372EC32FF8 000002372EC32FF8
NativeFunction.Ctor hasKey state 000002372EC32FF8 000002372EC32FF8
NativeFunction.Ctor valueType state 000002372EC32FF8 000002372EC32FF8
NativeFunction.Ctor allKeys state 000002372EC32FF8 000002372EC32FF8
NativeFunction.Ctor allKeysPArray state 000002372EC32FF8 000002372EC32FF8
NativeFunction.Ctor allValues state 000002372EC32FF8 000002372EC32FF8
NativeFunction.Ctor removeKey state 000002372EC32FF8 000002372EC32FF8
NativeFunction.Ctor count state 000002372EC32FF8 000002372EC32FF8
NativeFunction.Ctor clear state 000002372EC32FF8 000002372EC32FF8
NativeFunction.Ctor addPairs state 000002372EC32FF8 000002372EC32FF8
NativeFunction.Ctor nextKey state 000002372EC32FF8 000002372EC32FF8
NativeFunction.Ctor getNthKey state 000002372EC32FF8 000002372EC32FF8
NativeFunction.Ctor wrap state 000002372EC32FF8 000002372EC32FF8
NativeFunction.Ctor enableAPILog state 000002372EC32FF8 000002372EC32FF8
NativeFunction.Ctor retain state 000002372EC32FF8 000002372EC32FF8
NativeFunction.Ctor release state 000002372EC32FF8 000002372EC32FF8
NativeFunction.Ctor releaseAndRetain state 000002372EC32FF8 000002372EC32FF8
NativeFunction.Ctor releaseObjectsWithTag state 000002372EC32FF8 000002372EC32FF8
NativeFunction.Ctor zeroLifetime state 000002372EC32FF8 000002372EC32FF8
NativeFunction.Ctor addToPool state 000002372EC32FF8 000002372EC32FF8
NativeFunction.Ctor cleanPool state 000002372EC32FF8 000002372EC32FF8
NativeFunction.Ctor shallowCopy state 000002372EC32FF8 000002372EC32FF8
NativeFunction.Ctor deepCopy state 000002372EC32FF8 000002372EC32FF8
NativeFunction.Ctor isExists state 000002372EC32FF8 000002372EC32FF8
NativeFunction.Ctor isArray state 000002372EC32FF8 000002372EC32FF8
NativeFunction.Ctor isMap state 000002372EC32FF8 000002372EC32FF8
NativeFunction.Ctor isFormMap state 000002372EC32FF8 000002372EC32FF8
NativeFunction.Ctor isIntegerMap state 000002372EC32FF8 000002372EC32FF8
NativeFunction.Ctor empty state 000002372EC32FF8 000002372EC32FF8
NativeFunction.Ctor count state 000002372EC32FF8 000002372EC32FF8
NativeFunction.Ctor clear state 000002372EC32FF8 000002372EC32FF8
NativeFunction.Ctor readFromFile state 000002372EC32FF8 000002372EC32FF8
NativeFunction.Ctor readFromDirectory state 000002372EC32FF8 000002372EC32FF8
NativeFunction.Ctor objectFromPrototype state 000002372EC32FF8 000002372EC32FF8
NativeFunction.Ctor writeToFile state 000002372EC32FF8 000002372EC32FF8
NativeFunction.Ctor solvedValueType state 000002372EC32FF8 000002372EC32FF8
NativeFunction.Ctor hasPath state 000002372EC32FF8 000002372EC32FF8
NativeFunction.Ctor solveFlt state 000002372EC32FF8 000002372EC32FF8
NativeFunction.Ctor solveInt state 000002372EC32FF8 000002372EC32FF8
NativeFunction.Ctor solveStr state 000002372EC32FF8 000002372EC32FF8
NativeFunction.Ctor solveObj state 000002372EC32FF8 000002372EC32FF8
NativeFunction.Ctor solveForm state 000002372EC32FF8 000002372EC32FF8
NativeFunction.Ctor solveFltSetter state 000002372EC32FF8 000002372EC32FF8
NativeFunction.Ctor solveIntSetter state 000002372EC32FF8 000002372EC32FF8
NativeFunction.Ctor solveStrSetter state 000002372EC32FF8 000002372EC32FF8
NativeFunction.Ctor solveObjSetter state 000002372EC32FF8 000002372EC32FF8
NativeFunction.Ctor solveFormSetter state 000002372EC32FF8 000002372EC32FF8
NativeFunction.Ctor evalLuaFlt state 000002372EC32FF8 000002372EC32FF8
NativeFunction.Ctor evalLuaInt state 000002372EC32FF8 000002372EC32FF8
NativeFunction.Ctor evalLuaStr state 000002372EC32FF8 000002372EC32FF8
NativeFunction.Ctor evalLuaObj state 000002372EC32FF8 000002372EC32FF8
NativeFunction.Ctor evalLuaForm state 000002372EC32FF8 000002372EC32FF8
Registering functions finished in 0.006000 sec
Revert started
Revert finished in 0.000000 sec
Load started
Garbage collection started
0 garbage objects collected. 0 objects are parts of cyclic graphs
Garbage collection finished in 0.000000 sec
Default domain
1 objects total
1 public objects
0 objects in aqueue
Load finished in 0.000000 sec
Revert started
Revert finished in 0.000000 sec
