Loaded database for SkyrimSE.exe version 1.6.640.0.
Init...
-done
Registering functions...
-done
Storage Reverting...
	 - Mod List
	 - StorageUtil: Values
	 - StorageUtil: Lists
	 - Package Overrides
	 - JSON Files
	 - Re-Init
Done!

Storage Loading...
	PLGN Load
Loading plugin list:
	(0 -> 0)	Skyrim.esm
	(1 -> 1)	Update.esm
	(2 -> 2)	Dawnguard.esm
	(3 -> 3)	HearthFires.esm
	(4 -> 4)	Dragonborn.esm
	(5 -> 5)	ccBGSSSE001-Fish.esm
	(1040384 -> 1040384)	ccQDRSSE001-SurvivalMode.esl
	(1040385 -> 1040385)	ccBGSSSE037-Curios.esl
	(6 -> 6)	ccBGSSSE025-AdvDSGS.esm
	(7 -> 7)	Unofficial Skyrim Special Edition Patch.esp
	(8 -> 8)	Unofficial Skyrim Modders Patch.esp
	(1040386 -> 1040386)	Navigator-NavFixes.esl
	(1040387 -> 1040387)	Disabled USSEP Book.esl
	(1040388 -> 1040388)	Lux - Resources.esp
	(9 -> 9)	Lux Via.esp
	(1040389 -> 1040389)	Lux - Master plugin.esm
	(1040390 -> 1040390)	Lux Orbis - Master plugin.esm
	(1040391 -> 1040391)	Cathedral - 3D Mountain Flowers.esp
	(10 -> 10)	Water for ENB.esm
	(11 -> 11)	Natural Waterfalls.esp
	(12 -> 12)	IcyFixes.esm
	(1040392 -> 1040392)	IceLODFull.esl
	(1040393 -> 1040393)	Partitioned snow Meshes.esl
	(1040394 -> 1040394)	ProjectedGlacierSnow.esl
	(1040395 -> 1040395)	SnowyLandscapeDiscolorationRemoved.esm
	(1040396 -> 1040396)	Praedys_Soulcairn.esm
	(1040397 -> 1040397)	Expressive Facegen Morphs.esl
	(1040398 -> 1040398)	SimpleVampFixesSSE.esl
	(1040399 -> 1040399)	High Poly Head.esm
	(1040400 -> 1040400)	SimpleChildren.esp
	(13 -> 13)	SGEyebrows.esp
	(1040401 -> 1040401)	High Quality Tintmasks.esp
	(14 -> 14)	DynDOLOD.esm
	(1040402 -> 1040402)	Obsidian Mountain Fogs.esp
	(1040403 -> 1040403)	SkyUI_SE.esp
	(1040404 -> 1040404)	Upscaled and Cleaned Creation Club.esp
	(1040405 -> 1040405)	Upscaled and Cleaned Creation Club0.esp
	(1040406 -> 1040406)	USSEP Fire and Frost Dragon Correction.esp
	(1040407 -> 1040407)	Unofficial Creation Club Fishing Patch.esp
	(1040408 -> 1040408)	fixLOD.esp
	(1040409 -> 1040409)	defaultCubemapFix.esp
	(1040410 -> 1040410)	SeranaEyeFix.esp
	(1040411 -> 1040411)	bleedoutFix.esp
	(1040412 -> 1040412)	zeroBountyHostilityFix.esp
	(1040413 -> 1040413)	stuck on screen fix.esp
	(1040414 -> 1040414)	buy and sell torches.esp
	(1040415 -> 1040415)	Stamina of Steeds.esp
	(1040416 -> 1040416)	Whiterun Imperial Camp Fixes.esp
	(1040417 -> 1040417)	dunPOISoldiersRaidOnStartTweak.esp
	(1040418 -> 1040418)	AdoptionAndMovingFix.esp
	(15 -> 15)	Quick Start - SE.esp
	(1040419 -> 1040419)	TrueDirectionalMovement.esp
	(1040420 -> 1040420)	TDM Target Lock Fix - Bristleback.esp
	(1040421 -> 1040421)	dD-No Spinning Death Animation.esp
	(1040422 -> 1040422)	TESL-LoadingScreens.esp
	(1040423 -> 1040423)	TESL-LS-Tweaks.esp
	(1040424 -> 1040424)	TESL-LS-VanillaLSRemover.esp
	(1040425 -> 1040425)	ImprovedLoadingScreenColors.esp
	(1040426 -> 1040426)	PhotoMode.esp
	(1040427 -> 1040427)	MCMHelper.esp
	(1040428 -> 1040428)	McmRecorder.esp
	(16 -> 16)	UIExtensions.esp
	(1040429 -> 1040429)	UltimateImmersionToggle.esp
	(1040430 -> 1040430)	SMP Wind MCM.esp
	(17 -> 17)	RaceMenu.esp
	(18 -> 18)	RaceMenuPlugin.esp
	(1040431 -> 1040431)	RaceMenu Undress.esp
	(1040432 -> 1040432)	Particle Patch for ENB.esp
	(19 -> 19)	SMIM-SE-Merged-All.esp
	(20 -> 20)	Book Covers Skyrim.esp
	(21 -> 21)	Embers XD.esp
	(22 -> 22)	dD - Enhanced Blood Main LITE.esp
	(1040433 -> 1040433)	RedMountainPlumeSE.esp
	(1040434 -> 1040434)	Animated Ice Floes.esp
	(1040435 -> 1040435)	MarketStallsAnim.esp
	(1040436 -> 1040436)	HD Stone Quarry and Clay Deposits SE.esp
	(1040437 -> 1040437)	blendedshrooms.esp
	(1040438 -> 1040438)	BlendedRoads.esp
	(1040439 -> 1040439)	BlendedRoadsFixes.esp
	(1040440 -> 1040440)	Shaders of Solstheim.esp
	(1040441 -> 1040441)	Simplicity of Snow.esp
	(1040442 -> 1040442)	Blended Roads Null Snow Shader.esp
	(1040443 -> 1040443)	Skyrim Remastered - Ice Caves Fix.esp
	(1040444 -> 1040444)	Skyrim Remastered - High Hrothgar.esp
	(1040445 -> 1040445)	Subdivide and Smooth - Volcanic Terrain.esp
	(1040446 -> 1040446)	Markarth Road Finished.esp
	(23 -> 23)	SB_WindhelmEntrance.esp
	(1040447 -> 1040447)	WRJorrvaskrSeamsFix.esp
	(1040448 -> 1040448)	3D Shack Kit Walls - Base Object Swapper.esp
	(1040449 -> 1040449)	AbandonedShackInteriorFix.esp
	(1040450 -> 1040450)	Blue Palace No Hanging Moss.esp
	(1040451 -> 1040451)	Stones of Solitude.esp
	(1040452 -> 1040452)	Mrf solitude.esp
	(1040453 -> 1040453)	GDOS - Glorious Solitude Door - Rotation Fix.esp
	(1040454 -> 1040454)	GDOS - Splendid Mechanized Dwemer Door.esp
	(1040455 -> 1040455)	Unique Markarth Doors.esp
	(1040456 -> 1040456)	DawnGuardDoors.esp
	(1040457 -> 1040457)	Dunmeri Furniture.esp
	(1040458 -> 1040458)	RavenRockDunmerized.esp
	(1040459 -> 1040459)	Raven Rock Dunmerized - Shaders of Solstheim.esp
	(1040460 -> 1040460)	Dovahnique's Diverse Dark Elf Lanterns - BOS.esp
	(1040461 -> 1040461)	WiZkiD ENB Windows.esp
	(24 -> 24)	Praedy's SoulGems.esp
	(25 -> 25)	Praedy's SoulEssenceGem.esp
	(1040462 -> 1040462)	Praedy's MageStatueFX.esp
	(1040463 -> 1040463)	Praedy's AncientFalmerThrone.esp
	(1040464 -> 1040464)	PraedysElderScrollSoulCairnFix.esp
	(1040465 -> 1040465)	PraedysSkulls.esp
	(1040466 -> 1040466)	PraedysSkeletons.esp
	(1040467 -> 1040467)	Praedy's Soul Cairn - USSEP.esp
	(1040468 -> 1040468)	Praedy's Skulls - USSEP.esp
	(1040469 -> 1040469)	Praedy's Skulls - USMP.esp
	(1040470 -> 1040470)	ALT - The Snow Elves Throne - BOS.esp
	(1040471 -> 1040471)	ALT - Crates - BOS.esp
	(1040472 -> 1040472)	Alchemy Sation Variants.esp
	(1040473 -> 1040473)	RallysDisplayCases.esp
	(1040474 -> 1040474)	Rally's Nord War Horns - Unique Torygg's Horn.esp
	(1040475 -> 1040475)	Renthal's Waterwheel Remastered - Katla's Farm Adjustments.esp
	(1040476 -> 1040476)	Fluffworks.esp
	(1040477 -> 1040477)	Witcher Horses 2.0.esp
	(1040478 -> 1040478)	RealRabbitsHD.esp
	(1040479 -> 1040479)	UniqueBarbas.esp
	(1040480 -> 1040480)	JELBettyNetch.esp
	(1040481 -> 1040481)	zzjay Butterflies - Saints and Seducers Patch.esp
	(26 -> 26)	Wigfrids Trees.esp
	(1040482 -> 1040482)	Enhanced Landscapes - Dead Marsh.esp
	(1040483 -> 1040483)	Nature of the Wild Lands.esp
	(1040484 -> 1040484)	Nature of the Wild Lands - Autumn Birches.esp
	(1040485 -> 1040485)	NoTWL - Bingus' Edits.esp
	(1040486 -> 1040486)	SpeedTreeForSkyrim.esp
	(1040487 -> 1040487)	S3DTrees NextGenerationForests.esp
	(1040488 -> 1040488)	Markarth Tree Fixes.esp
	(1040489 -> 1040489)	IvyAnim.esp
	(1040490 -> 1040490)	waterplants.esp
	(1040491 -> 1040491)	Cathedral - 3D Pine Grass.esp
	(1040492 -> 1040492)	Origins Of Forest - 3D Forest Grass.esp
	(1040493 -> 1040493)	Folkvangr - Grass and Landscape Overhaul.esp
	(1040494 -> 1040494)	QW's Grass Patch 2.esp
	(1040495 -> 1040495)	QW's Grass Patch - Bingus' Edit.esp
	(1040496 -> 1040496)	QW's Grass Patch - Waterplants Patch.esp
	(1040497 -> 1040497)	Cathedral - 3D Solstheim Grass.esp
	(1040498 -> 1040498)	No Shrubs.esp
	(1040499 -> 1040499)	No Soul Cairn Grass.esp
	(1040500 -> 1040500)	No Rockgrass.esp
	(27 -> 27)	Landscape Fixes For Grass Mods.esp
	(1040501 -> 1040501)	Complementary Grass Fixes.esp
	(1040502 -> 1040502)	man_clavMask.esp
	(1040503 -> 1040503)	Masque of Clavicus Vile - USSEP.esp
	(1040504 -> 1040504)	man_nocturnalShrine.esp
	(1040505 -> 1040505)	man_malacathShrine.esp
	(1040506 -> 1040506)	man_MeridiaShrine.esp
	(1040507 -> 1040507)	man_MehrunesDagonShrine.esp
	(1040508 -> 1040508)	man_azura.esp
	(1040509 -> 1040509)	man_DaedricShrines - Azura Statue Replacer by Xtudo - 3x its size version.esp
	(1040510 -> 1040510)	Dunmeri Furniture - man_azura patch.esp
	(1040511 -> 1040511)	man_dibella.esp
	(28 -> 28)	Cathedral Weathers.esp
	(1040512 -> 1040512)	Cathedral Weathers - Patch - Rudy ENB.esp
	(29 -> 29)	Mists of Tamriel.esp
	(1040513 -> 1040513)	Mists of Tamriel for Rudy Cathedral.esp
	(1040514 -> 1040514)	Optimized meshes for ENB lights.esp
	(30 -> 30)	ENB Light.esp
	(1040515 -> 1040515)	AlduinLight.esp
	(1040516 -> 1040516)	Elytra ENB Light.esp
	(1040517 -> 1040517)	Sprites or Specters ENB Light.esp
	(1040518 -> 1040518)	BarbasENBLightAddon.esp
	(1040519 -> 1040519)	Heartbeat.esp
	(1040520 -> 1040520)	TruTorchesSE.esp
	(1040521 -> 1040521)	RunicFlesh.esp
	(1040522 -> 1040522)	Frost Meshes Patch.esp
	(1040523 -> 1040523)	DeadlySpellImpacts.esp
	(1040524 -> 1040524)	PSI.esp
	(1040525 -> 1040525)	XPMSE Physics Fix.esp
	(1040526 -> 1040526)	Imperial Armors and Weapons Retexture SE - Penitus Pants.esp
	(1040527 -> 1040527)	Beards of Power.esp
	(31 -> 31)	Saeri_Khajiit_Hair.esp
	(1040528 -> 1040528)	KhajiitBrowWhiskers.esp
	(32 -> 32)	KS Hairdo's.esp
	(1040529 -> 1040529)	KSHairdosSMP.esp
	(33 -> 33)	Vanilla hair remake SMP.esp
	(1040530 -> 1040530)	Kala's Eyes - Improved.esp
	(1040531 -> 1040531)	Kala's Elven Eyes - Improved.esp
	(1040532 -> 1040532)	Kala's Vampire Eyes - Improved.esp
	(1040533 -> 1040533)	KALA_BEAST RACE EYES.esp
	(1040534 -> 1040534)	Quirk Eyes.esp
	(1040535 -> 1040535)	TheEyesOfBeauty.esp
	(34 -> 34)	Koralina's Eyebrows.esp
	(1040536 -> 1040536)	KaliliesBrows.esp
	(1040537 -> 1040537)	Kyoe BanginBrows.esp
	(1040538 -> 1040538)	Kyoe BanginBrows - Light - HighPolyHead.esp
	(1040539 -> 1040539)	Lamenthia's Marks of Beauty.esp
	(1040540 -> 1040540)	koralinas_freckles_moles.esp
	(1040541 -> 1040541)	slordars_body_freckles.esp
	(1040542 -> 1040542)	Koralina's Makeup Tweaks.esp
	(1040543 -> 1040543)	WoundsOverlay.esp
	(1040544 -> 1040544)	CommunityOverlays1_0T30.esp
	(1040545 -> 1040545)	BRB_BeastRaceBodypaints.esp
	(1040546 -> 1040546)	BeastHHBB.esp
	(1040547 -> 1040547)	CuyiAntlers.esp
	(1040548 -> 1040548)	BnP - Skinfix.esp
	(1040549 -> 1040549)	FacegenForKids.esp
	(1040550 -> 1040550)	Simple Children - USMP.esp
	(1040551 -> 1040551)	High Poly Head Vamp Fix - USMP.esp
	(1040552 -> 1040552)	Race Conflict Resolution.esp
	(1040553 -> 1040553)	Ulfric's Bracers Fix.esp
	(1040554 -> 1040554)	AcolyteMasks.esp
	(35 -> 35)	ArteFake.esp
	(36 -> 36)	Unique Uniques.esp
	(37 -> 37)	DeathbrandItems.esp
	(1040555 -> 1040555)	Bloodscythe and Soulrender Replacer.esp
	(1040556 -> 1040556)	ahzidalarmor.esp
	(1040557 -> 1040557)	Viage of Mzund - My version by Xtudo.esp
	(38 -> 38)	KatriaBow.esp
	(1040558 -> 1040558)	Zephyr Redone - USSEP.esp
	(1040559 -> 1040559)	Aves Ahzidals Rings.esp
	(1040560 -> 1040560)	Aves Bond of Matrimony.esp
	(1040561 -> 1040561)	Aves Calcelmos Ring.esp
	(1040562 -> 1040562)	Aves Circlet of Waterbreathing.esp
	(1040563 -> 1040563)	Aves Diadem of the Savant.esp
	(1040564 -> 1040564)	Aves Fjolas Wedding Band.esp
	(1040565 -> 1040565)	Aves Muiris Ring.esp
	(1040566 -> 1040566)	Aves Ring of Bloodlust.esp
	(1040567 -> 1040567)	Aves Ring of Instinct.esp
	(1040568 -> 1040568)	Aves Ring of the Moon.esp
	(1040569 -> 1040569)	Aves Silver-Blood Family Ring.esp
	(1040570 -> 1040570)	Aves Viola Gold Ring.esp
	(1040571 -> 1040571)	Aves Vittoria and Asgeir.esp
	(1040572 -> 1040572)	Aves HevnoraaksStaff.esp
	(1040573 -> 1040573)	Aves Gauldur Blackblade.esp
	(1040574 -> 1040574)	Aves Gadnors Staff.esp
	(1040575 -> 1040575)	Aves Forbidden Legend.esp
	(1040576 -> 1040576)	Ave's Jewelry - USMP.esp
	(39 -> 39)	GQJ_DG_vampireamuletfix.esp
	(1040577 -> 1040577)	GQJ - DG Amulet Fix - USSEP.esp
	(1040578 -> 1040578)	JS Unique Utopia SE - Daggers - Johnskyrim.esp
	(1040579 -> 1040579)	JS Instruments of Skyrim SE - Uniques.esp
	(1040580 -> 1040580)	JS Knapsacks SE.esp
	(1040581 -> 1040581)	JS Barenziah SE - Johnskyrim.esp
	(1040582 -> 1040582)	Praedy's StavesAIO.esp
	(1040583 -> 1040583)	Praedy's Staves - USSEP.esp
	(1040584 -> 1040584)	Rudy Nordic Pottery SSE.esp
	(1040585 -> 1040585)	ElSopa - Potions Redone - My patches by Xtudo - Vaermina's Torpor.esp
	(1040586 -> 1040586)	ElSopa - Potions Redone - My patches by Xtudo - Missing Vanilla Potions.esp
	(1040587 -> 1040587)	ElSopa - Potions Redone - My patches by Xtudo - Falmer Blood Elixir.esp
	(1040588 -> 1040588)	ElSopa - Potions Redone - My patches by Xtudo - The White Phial.esp
	(1040589 -> 1040589)	StrosMKaiRum.esp
	(1040590 -> 1040590)	Simple Snow Improvements - Skyrim.esp
	(1040591 -> 1040591)	Simple Snow Improvements - Snow Forts.esp
	(1040592 -> 1040592)	Simple Snow Improvements - Giant Obelisk.esp
	(1040593 -> 1040593)	Simple Snow Improvements - Solstheim Ruins.esp
	(1040594 -> 1040594)	Spaghetti's Palaces - AIO.esp
	(1040595 -> 1040595)	Spaghetti's Palaces - AIO - Yellow Drapes.esp
	(1040596 -> 1040596)	Spaghetti's Cities - AIO.esp
	(1040597 -> 1040597)	Spaghetti's Cities - AIO - No Bridge Objects.esp
	(1040598 -> 1040598)	Spaghetti's Cities - AIO - No Wind District Banners.esp
	(1040599 -> 1040599)	Spaghetti's Towns - AIO.esp
	(1040600 -> 1040600)	Spaghetti's Towns - AIO - No Bridge Fishing Poles.esp
	(1040601 -> 1040601)	Spaghetti's Solstheim - AIO.esp
	(1040602 -> 1040602)	Spaghetti's Orc Strongholds - AIO.esp
	(1040603 -> 1040603)	NotSoFestive Spaghetti's Merged - AIO.esp
	(1040604 -> 1040604)	RYFTEN - Consistency of windows in Riften.esp
	(1040605 -> 1040605)	WindhelmFakeWindowsFix.esp
	(40 -> 40)	Icy Windhelm.esp
	(1040606 -> 1040606)	IcyWindhelmFireBrazierThroneFix.esp
	(1040607 -> 1040607)	Better Windhelm Ground Meshes Placement Corrections.esp
	(1040608 -> 1040608)	Bingus' Clipping Cleanup.esp
	(1040609 -> 1040609)	Lux Orbis.esp
	(1040610 -> 1040610)	Lux Orbis - USSEP patch.esp
	(1040611 -> 1040611)	Lux Orbis - USMP Patch.esp
	(1040612 -> 1040612)	Lux Orbis - SMIM-SE-Merged-All.esp
	(1040613 -> 1040613)	Lux Orbis - Raven Rock Fix Exit on Horseback.esp
	(1040614 -> 1040614)	Lux Orbis - Whiterun Horses patch.esp
	(1040615 -> 1040615)	Lux Orbis - Riften Sconce Patch.esp
	(1040616 -> 1040616)	Lux Orbis - Mandragora's Meridia Shrine patch.esp
	(1040617 -> 1040617)	Lux Orbis - Shrine of Azura.esp
	(1040618 -> 1040618)	Lux Orbis - CC Fish patch.esp
	(1040619 -> 1040619)	Lux Orbis - Saints and Seducers patch.esp
	(1040620 -> 1040620)	SB_WindhelmEntrance_LuxOrbisPatch.esp
	(1040621 -> 1040621)	Lux Via - plugin.esp
	(1040622 -> 1040622)	Lux Via - Blended Roads Bridges Texture sets.esp
	(1040623 -> 1040623)	Lux Via - Whiterun Repaired Bridge.esp
	(1040624 -> 1040624)	Lux Via - Mandragora's Kynareth patch.esp
	(1040625 -> 1040625)	Embers XD - Patch - Inferno.esp
	(1040626 -> 1040626)	Embers XD - Patch - Lux Via.esp
	(1040627 -> 1040627)	HPP - My fixes by Xtudo - Chopping Blocks.esp
	(1040628 -> 1040628)	Soul-Cairn Objects Secured.esp
	(41 -> 41)	Water for ENB (Shades of Skyrim).esp
	(1040629 -> 1040629)	Markarth Exterior Water Fix.esp
	(1040630 -> 1040630)	Water for ENB - Patch - Rudy ENB.esp
	(1040631 -> 1040631)	Water for ENB - Patch - Folkvangr.esp
	(1040632 -> 1040632)	Water for ENB - Patch - Landscape Fixes for Grass Mods.esp
	(1040633 -> 1040633)	Natural Waterfalls - USMP.esp
	(1040634 -> 1040634)	Natural Waterfalls - Whiterun District Stream Fix.esp
	(1040635 -> 1040635)	Natural Waterfalls - Water for ENB Patch (Shades of Skyrim).esp
	(1040636 -> 1040636)	Shadows Of Sunlight - In Small Exterior World Spaces.esp
	(42 -> 42)	Lux.esp
	(1040637 -> 1040637)	Southfringe Sanctum Freeze Fix.esp
	(1040638 -> 1040638)	Spaghetti's Palaces - AIO - Lux Patch.esp
	(1040639 -> 1040639)	Mrf - Lux patch.esp
	(1040640 -> 1040640)	Lux - No grass in caves patch.esp
	(1040641 -> 1040641)	Lux - USSEP patch.esp
	(1040642 -> 1040642)	Lux - Embers XD patch.esp
	(1040643 -> 1040643)	Lux - Ryften Windows patch.esp
	(1040644 -> 1040644)	Lux - Azura's Statue.esp
	(1040645 -> 1040645)	Lux - Dibella's Statue.esp
	(1040646 -> 1040646)	Lux - CC Fish patch.esp
	(1040647 -> 1040647)	Lux - Saints and Seducers patch.esp
	(1040648 -> 1040648)	Lux - Dragonsreach Alternate Lighting.esp
	(1040649 -> 1040649)	Lux - Silver Blood inn overhaul.esp
	(1040650 -> 1040650)	Lux - LFGM Patch.esp
	(1040651 -> 1040651)	Lux - Water for ENB patch.esp
	(1040652 -> 1040652)	Lux - CC & W4ENB.esp
	(1040653 -> 1040653)	NightEyeENBFix.esp
	(43 -> 43)	DynDOLOD.esp
	(1040654 -> 1040654)	Occlusion.esp
	(1040655 -> 1040655)	SynNPCFixes.esp
	(1040656 -> 1040656)	SynWorldPatches.esp
	(1040657 -> 1040657)	SynWeatherPatcher.esp
Done!

Storage Reverting...
	 - Mod List
	 - StorageUtil: Values
	 - StorageUtil: Lists
	 - Package Overrides
	 - JSON Files
	 - Re-Init
Done!

