[19:40:14] [info] po3_PapyrusExtender v5.6.1.1
[19:40:14] [info] Game version : 1-6-640-0
[19:40:41] [info] **********FUNCTIONS***********
[19:40:41] [info] Registered object types
[19:40:41] [info] 	FootstepSet true
[19:40:41] [info] 	LightingTemplate true
[19:40:41] [info] 	Debris true
[19:40:41] [info] 	MaterialObject true
[19:40:41] [info] Registered activemagiceffect events
[19:40:41] [info] Registered activemagiceffect functions
[19:40:41] [info] Registered actor functions
[19:40:41] [info] Registered actorbase functions
[19:40:41] [info] Registered ammo functions
[19:40:41] [info] Registered armor addon functions
[19:40:41] [info] Registered alias events
[19:40:41] [info] Registered alias functions
[19:40:41] [info] Registered array functions
[19:40:41] [info] Registered book functions
[19:40:41] [info] Registered cell functions
[19:40:41] [info] Registered debug functions
[19:40:41] [info] Registered detection functions
[19:40:41] [info] Registered effect shader functions
[19:40:41] [info] Registered enchantment functions
[19:40:41] [info] Registered form events
[19:40:41] [info] Registered form functions
[19:40:41] [info] Registered faction functions
[19:40:41] [info] Registered furniture functions
[19:40:41] [info] Registered game functions
[19:40:41] [info] Registered graphic functions
[19:40:41] [info] Registered hazard functions
[19:40:41] [info] Registered leveled item functions
[19:40:41] [info] Registered light functions
[19:40:41] [info] Registered location functions
[19:40:41] [info] Registered magiceffect functions
[19:40:41] [info] Registered object reference functions
[19:40:41] [info] Registered package functions
[19:40:41] [info] Registered potion functions
[19:40:41] [info] Registered projectile functions
[19:40:41] [info] Registered quest functions
[19:40:41] [info] Registered scroll functions
[19:40:41] [info] Registered sound functions
[19:40:41] [info] Registered spell functions
[19:40:41] [info] Registered string functions
[19:40:41] [info] Registered UI functions
[19:40:41] [info] Registered utility functions
[19:40:41] [info] Registered visual effect functions
[19:40:41] [info] Registered weather functions
[19:40:51] [info] ********SCRIPT EVENTS*********
[19:40:51] [info] Registered struct RE::TESCellFullyLoadedEvent handler
[19:40:51] [info] Registered struct RE::TESQuestStartStopEvent handler
[19:40:51] [info] Registered struct RE::TESQuestStageEvent handler
[19:40:51] [info] Registered struct RE::TESObjectLoadedEvent handler
[19:40:51] [info] Registered struct RE::TESGrabReleaseEvent handler
[19:40:51] [info] Registered struct RE::TESFurnitureEvent handler
[19:40:51] [info] *********STORY EVENTS*********
[19:40:51] [info] Registered struct RE::ActorKill::Event handler
[19:40:51] [info] Registered struct RE::CriticalHit::Event handler
[19:40:51] [info] Registered struct RE::DisarmedEvent::Event handler
[19:40:51] [info] Registered struct RE::DragonSoulsGained::Event handler
[19:40:51] [info] Registered struct RE::TESHarvestedEvent::ItemHarvested handler
[19:40:51] [info] Registered struct RE::LevelIncrease::Event handler
[19:40:51] [info] Registered struct RE::LocationDiscovery::Event handler
[19:40:51] [info] Registered struct RE::ShoutAttack::Event handler
[19:40:51] [info] Registered struct RE::SkillIncrease::Event handler
[19:40:51] [info] Registered struct RE::SoulsTrapped::Event handler
[19:40:51] [info] Registered struct RE::SpellsLearned::Event handler
[19:40:51] [info] ********HOOKED EVENTS*********
[19:40:51] [info] Hooked Fall Damage
[19:40:51] [info] Hooked Item Crafted
[19:40:51] [info] Hooked Book Read
[19:40:51] [info] Hooked Actor Resurrect
[19:40:51] [info] Hooked Actor Reanimate Start
[19:40:51] [info] Hooked Actor Reanimate Stop
[19:40:51] [info] Hooked Weather Change
[19:40:51] [info] Hooked Magic Effect Apply
[19:40:51] [info] Hooked Magic Hit
[19:40:51] [info] Hooked Weapon Hit
[19:40:51] [info] Hooked Fast Travel Start
[19:40:51] [info] Installing detection hook
[19:40:51] [info] Registered form deletion event handler
[19:41:04] [info] Finished reverting data
[19:41:15] [info] Finished loading data
[19:58:30] [info] Finished saving data
[19:58:51] [info] Finished reverting data
[19:58:52] [info] Finished loading data
[19:59:21] [info] Finished reverting data
[19:59:22] [info] Finished loading data
[20:01:18] [info] Finished saving data
