[13:52:06:210] po3_Tweaks v1.8.0.1
[13:52:06:210] Game version : 1-6-640-0
[13:52:06:211] ******************PRELOAD PATCH*******************
[13:52:06:442] *****************POST LOAD PATCH******************
[13:52:06:442] 	[FIXES]
[13:52:06:442] 		Installed distant ref load crash fix
[13:52:06:442] 		Installed map marker placement fix
[13:52:06:442] 		Installed 'Can't Be Taken' book flag fix
[13:52:06:442] 		Installed projectile range fix
[13:52:06:442] 		Installed combat dialogue fix
[13:52:06:442] 		Installed IsFurnitureAnimType fix
[13:52:06:442] 		Installed light attach crash fix
[13:52:06:442] 		Installed effect shader z buffer fix
[13:52:06:442] 		Installed toggle collision fix
[13:52:06:442] 		Installed skinned decal delete fix
[13:52:06:442] 		Installed jumping bonus fix
[13:52:06:442] 		Installed toggle global AI fix
[13:52:06:442] 		Installed use furniture in combat fix
[13:52:06:442] 		Installed offensive spell AI fix
[13:52:06:443] 		Installed editorID cache
[13:52:06:443] 	[TWEAKS]
[13:52:06:443] 		Installed dynamic snow material tweak
[13:52:06:443] 	[EXPERIMENTAL]
[13:52:06:449] ************PLUGIN COMPATIBILITY CHECK************
[13:52:06:449] Scrambled Bugs : AttachHitEffect patch not enabled or found
[13:52:06:449] ***************POST POST LOAD PATCH***************
[13:52:06:449] 	[FIXES]
[13:52:06:449] 		Installed no death dispel spell reapply fix
[13:52:35:312] ********************FUNCTIONS*********************
[13:52:35:313] Registered IsTweakInstalled
[13:52:45:053] ****************DATA LOADED PATCH*****************
[13:52:45:053] 	[FIXES]
[13:52:45:053] 		Installed breathing sound fix
[13:52:45:053] 	[TWEAKS]
