NetImmerse Override Enabled
config path = D:\Wabbajack\Ascensio\Stock Game\Data\SKSE\skse.ini
RacePartDefaultGen::Accept - Could not bind default morphs for 00KLH_MaleHeadArgonian on ArgonianRaceVampire[0] using NordRace. Vertex mismatch (KL\High Poly Head\MaleHeadArgonianChargen.tri - 4870 | KL\High Poly Head\MaleHeadCustomizations.tri - 3598).
RacePartDefaultGen::Accept - Could not bind default morphs for MaleMouthArgonian on ArgonianRaceVampire[0] using NordRace. Vertex mismatch (Actors\Character\Character Assets\Mouth\MouthArgonianChargen.tri - 478 | Actors\Character\Character Assets\Mouth\MouthHumanChargen.tri - 141).
RacePartDefaultGen::Accept - Could not bind default morphs for MaleEyesArgonianVampire on ArgonianRaceVampire[0] using NordRace. Vertex mismatch (Actors\Character\Character Assets\EyesArgonianChargen.tri - 50 | Actors\Character\Character Assets\EyesMaleCharGen.tri - 186).
RacePartDefaultGen::Accept - Could not bind default morphs for 00KLH_FemaleHeadArgonian on ArgonianRaceVampire[1] using NordRace. Vertex mismatch (KL\High Poly Head\FemaleHeadArgonianChargen.tri - 4870 | KL\High Poly Head\FemaleHeadCharGen.tri - 3832).
RacePartDefaultGen::Accept - Could not bind default morphs for FemaleMouthArgonian on ArgonianRaceVampire[1] using NordRace. Vertex mismatch (Actors\Character\Character Assets\Mouth\MouthArgonianChargen.tri - 478 | Actors\Character\Character Assets\Mouth\MouthHumanFChargen.tri - 141).
RacePartDefaultGen::Accept - Could not bind default morphs for FemaleEyesArgonianVampire on ArgonianRaceVampire[1] using NordRace. Vertex mismatch (Actors\Character\Character Assets\EyesArgonianChargen.tri - 50 | Actors\Character\Character Assets\EyesFemaleChargen.tri - 176).
RacePartDefaultGen::Accept - Could not bind default morphs for 00KLH_MaleHeadArgonian on ArgonianRace[0] using NordRace. Vertex mismatch (KL\High Poly Head\MaleHeadArgonianChargen.tri - 4870 | KL\High Poly Head\MaleHeadCustomizations.tri - 3598).
RacePartDefaultGen::Accept - Could not bind default morphs for MaleMouthArgonian on ArgonianRace[0] using NordRace. Vertex mismatch (Actors\Character\Character Assets\Mouth\MouthArgonianChargen.tri - 478 | Actors\Character\Character Assets\Mouth\MouthHumanChargen.tri - 141).
RacePartDefaultGen::Accept - Could not bind default morphs for MaleEyesArgonian on ArgonianRace[0] using NordRace. Vertex mismatch (Actors\Character\Character Assets\EyesArgonianChargen.tri - 50 | Actors\Character\Character Assets\EyesMaleCharGen.tri - 186).
RacePartDefaultGen::Accept - Could not bind default morphs for 00KLH_FemaleHeadArgonian on ArgonianRace[1] using NordRace. Vertex mismatch (KL\High Poly Head\FemaleHeadArgonianChargen.tri - 4870 | KL\High Poly Head\FemaleHeadCharGen.tri - 3832).
RacePartDefaultGen::Accept - Could not bind default morphs for FemaleEyesArgonian on ArgonianRace[1] using NordRace. Vertex mismatch (Actors\Character\Character Assets\EyesArgonianChargen.tri - 50 | Actors\Character\Character Assets\EyesFemaleChargen.tri - 176).
RacePartDefaultGen::Accept - Could not bind default morphs for FemaleMouthArgonian on ArgonianRace[1] using NordRace. Vertex mismatch (Actors\Character\Character Assets\Mouth\MouthArgonianChargen.tri - 478 | Actors\Character\Character Assets\Mouth\MouthHumanFChargen.tri - 141).
RacePartDefaultGen::Accept - Could not bind default morphs for MaleHeadChild on BretonRaceChild[0] using NordRace. Vertex mismatch (actors\character\character assets\childheadchargen.tri - 1211 | KL\High Poly Head\MaleHeadCustomizations.tri - 3598).
RacePartDefaultGen::Accept - Binding default morphs for ChildMouth (Actors\Character\Character Assets\Mouth\MouthChildChargen.tri) on BretonRaceChild[0] using NordRace. (Actors\Character\Character Assets\Mouth\MouthChildChargen.tri - 141 | Actors\Character\Character Assets\Mouth\MouthHumanChargen.tri - 141)
RacePartDefaultGen::Accept - Could not bind default morphs for ChildEyes on BretonRaceChild[0] using NordRace. Vertex mismatch (actors\character\character assets\eyeschildchargen.tri - 204 | Actors\Character\Character Assets\EyesMaleCharGen.tri - 186).
RacePartDefaultGen::Accept - Could not bind default morphs for MaleHeadChild on BretonRaceChild[1] using NordRace. Vertex mismatch (actors\character\character assets\childheadchargen.tri - 1211 | KL\High Poly Head\FemaleHeadCharGen.tri - 3832).
RacePartDefaultGen::Accept - Binding default morphs for ChildMouth (Actors\Character\Character Assets\Mouth\MouthChildChargen.tri) on BretonRaceChild[1] using NordRace. (Actors\Character\Character Assets\Mouth\MouthChildChargen.tri - 141 | Actors\Character\Character Assets\Mouth\MouthHumanFChargen.tri - 141)
RacePartDefaultGen::Accept - Could not bind default morphs for ChildEyes on BretonRaceChild[1] using NordRace. Vertex mismatch (actors\character\character assets\eyeschildchargen.tri - 204 | Actors\Character\Character Assets\EyesFemaleChargen.tri - 176).
RacePartDefaultGen::Accept - Could not bind default morphs for MaleHeadChild on BretonRaceChildVampire[0] using NordRace. Vertex mismatch (actors\character\character assets\childheadchargen.tri - 1211 | KL\High Poly Head\MaleHeadCustomizations.tri - 3598).
RacePartDefaultGen::Accept - Binding default morphs for ChildMouth (Actors\Character\Character Assets\Mouth\MouthChildChargen.tri) on BretonRaceChildVampire[0] using NordRace. (Actors\Character\Character Assets\Mouth\MouthChildChargen.tri - 141 | Actors\Character\Character Assets\Mouth\MouthHumanChargen.tri - 141)
RacePartDefaultGen::Accept - Could not bind default morphs for ChildEyesVampire on BretonRaceChildVampire[0] using NordRace. Vertex mismatch (actors\character\character assets\eyeschildchargen.tri - 204 | Actors\Character\Character Assets\EyesMaleCharGen.tri - 186).
RacePartDefaultGen::Accept - Could not bind default morphs for MaleHeadChild on BretonRaceChildVampire[1] using NordRace. Vertex mismatch (actors\character\character assets\childheadchargen.tri - 1211 | KL\High Poly Head\FemaleHeadCharGen.tri - 3832).
RacePartDefaultGen::Accept - Binding default morphs for ChildMouth (Actors\Character\Character Assets\Mouth\MouthChildChargen.tri) on BretonRaceChildVampire[1] using NordRace. (Actors\Character\Character Assets\Mouth\MouthChildChargen.tri - 141 | Actors\Character\Character Assets\Mouth\MouthHumanFChargen.tri - 141)
RacePartDefaultGen::Accept - Could not bind default morphs for ChildEyes on BretonRaceChildVampire[1] using NordRace. Vertex mismatch (actors\character\character assets\eyeschildchargen.tri - 204 | Actors\Character\Character Assets\EyesFemaleChargen.tri - 176).
RaceMap::CreateDefaultMap - Added default slider maps for DA13AfflictedRace from NordRace
RacePartDefaultGen::Accept - Could not bind default morphs for ccBGSSSE025_FemaleHeadDarkSeducer on ccBGSSSE025_DarkSeducerRace[1] using NordRace. Vertex mismatch (Actors\Character\Character Assets\FemaleHeadCharGen.tri - 996 | KL\High Poly Head\FemaleHeadCharGen.tri - 3832).
RacePartDefaultGen::Accept - Could not bind default morphs for ccBGSSSE025_FemaleBrowsDarkSeducer01 on ccBGSSSE025_DarkSeducerRace[1] using NordRace. Vertex mismatch (Actors\Character\Character Assets\FaceParts\FemaleHeadBrowsCharGen.tri - 102 | KL\High Poly Head\FaceParts\FemaleHeadBrowsCharGen.tri - 371).
RaceMap::CreateDefaultMap - Added default slider maps for DLC2DremoraRace from NordRace
RaceMap::CreateDefaultMap - Added default slider maps for DremoraRace from NordRace
RacePartDefaultGen::Accept - Could not bind default morphs for ccBGSSSE025_FemaleHeadGoldenSaint on ccBGSSSE025_GoldenSaintRace[1] using NordRace. Vertex mismatch (Actors\Character\Character Assets\FemaleHeadCharGen.tri - 996 | KL\High Poly Head\FemaleHeadCharGen.tri - 3832).
RacePartDefaultGen::Accept - Could not bind default morphs for ccBGSSSE025_GoldenSaintFemaleBrows on ccBGSSSE025_GoldenSaintRace[1] using NordRace. Vertex mismatch (Actors\Character\Character Assets\FaceParts\FemaleHeadBrowsCharGen.tri - 102 | KL\High Poly Head\FaceParts\FemaleHeadBrowsCharGen.tri - 371).
RacePartDefaultGen::Accept - Could not bind default morphs for MaleHeadChild on ImperialRaceChild[0] using NordRace. Vertex mismatch (actors\character\character assets\childheadchargen.tri - 1211 | KL\High Poly Head\MaleHeadCustomizations.tri - 3598).
RacePartDefaultGen::Accept - Binding default morphs for ChildMouth (Actors\Character\Character Assets\Mouth\MouthChildChargen.tri) on ImperialRaceChild[0] using NordRace. (Actors\Character\Character Assets\Mouth\MouthChildChargen.tri - 141 | Actors\Character\Character Assets\Mouth\MouthHumanChargen.tri - 141)
RacePartDefaultGen::Accept - Could not bind default morphs for ChildEyes on ImperialRaceChild[0] using NordRace. Vertex mismatch (actors\character\character assets\eyeschildchargen.tri - 204 | Actors\Character\Character Assets\EyesMaleCharGen.tri - 186).
RacePartDefaultGen::Accept - Could not bind default morphs for MaleHeadChild on ImperialRaceChild[1] using NordRace. Vertex mismatch (actors\character\character assets\childheadchargen.tri - 1211 | KL\High Poly Head\FemaleHeadCharGen.tri - 3832).
RacePartDefaultGen::Accept - Binding default morphs for ChildMouth (Actors\Character\Character Assets\Mouth\MouthChildChargen.tri) on ImperialRaceChild[1] using NordRace. (Actors\Character\Character Assets\Mouth\MouthChildChargen.tri - 141 | Actors\Character\Character Assets\Mouth\MouthHumanFChargen.tri - 141)
RacePartDefaultGen::Accept - Could not bind default morphs for ChildEyes on ImperialRaceChild[1] using NordRace. Vertex mismatch (actors\character\character assets\eyeschildchargen.tri - 204 | Actors\Character\Character Assets\EyesFemaleChargen.tri - 176).
RacePartDefaultGen::Accept - Could not bind default morphs for 00KLH_MaleHeadKhajiit on KhajiitRaceVampire[0] using NordRace. Vertex mismatch (KL\High Poly Head\MaleHeadKhajiitChargen.tri - 5119 | KL\High Poly Head\MaleHeadCustomizations.tri - 3598).
RacePartDefaultGen::Accept - Could not bind default morphs for MaleMouthKhajiit on KhajiitRaceVampire[0] using NordRace. Vertex mismatch (Actors\Character\Character Assets\Mouth\MaleMouthKhajiitChargen.tri - 643 | Actors\Character\Character Assets\Mouth\MouthHumanChargen.tri - 141).
RacePartDefaultGen::Accept - Could not bind default morphs for MaleEyesKhajiitVampire on KhajiitRaceVampire[0] using NordRace. Vertex mismatch (Actors\Character\Character Assets\EyesKhajiitChargen.tri - 50 | Actors\Character\Character Assets\EyesMaleCharGen.tri - 186).
RacePartDefaultGen::Accept - Could not bind default morphs for 00KLH_FemaleHeadKhajiit on KhajiitRaceVampire[1] using NordRace. Vertex mismatch (KL\High Poly Head\FemaleHeadKhajiitChargen.tri - 5003 | KL\High Poly Head\FemaleHeadCharGen.tri - 3832).
RacePartDefaultGen::Accept - Could not bind default morphs for FemaleMouthKhajiit on KhajiitRaceVampire[1] using NordRace. Vertex mismatch (Actors\Character\Character Assets\Mouth\MouthKhajiitFemaleChargen.tri - 643 | Actors\Character\Character Assets\Mouth\MouthHumanFChargen.tri - 141).
RacePartDefaultGen::Accept - Could not bind default morphs for FemaleEyesKhajiitVampire on KhajiitRaceVampire[1] using NordRace. Vertex mismatch (Actors\Character\Character Assets\EyesKhajiitFemaleChargen.tri - 50 | Actors\Character\Character Assets\EyesFemaleChargen.tri - 176).
RacePartDefaultGen::Accept - Could not bind default morphs for 00KLH_MaleHeadKhajiit on KhajiitRace[0] using NordRace. Vertex mismatch (KL\High Poly Head\MaleHeadKhajiitChargen.tri - 5119 | KL\High Poly Head\MaleHeadCustomizations.tri - 3598).
RacePartDefaultGen::Accept - Could not bind default morphs for MaleMouthKhajiit on KhajiitRace[0] using NordRace. Vertex mismatch (Actors\Character\Character Assets\Mouth\MaleMouthKhajiitChargen.tri - 643 | Actors\Character\Character Assets\Mouth\MouthHumanChargen.tri - 141).
RacePartDefaultGen::Accept - Could not bind default morphs for MaleEyesKhajiitBase on KhajiitRace[0] using NordRace. Vertex mismatch (Actors\Character\Character Assets\EyesKhajiitChargen.tri - 50 | Actors\Character\Character Assets\EyesMaleCharGen.tri - 186).
RacePartDefaultGen::Accept - Could not bind default morphs for 00KLH_FemaleHeadKhajiit on KhajiitRace[1] using NordRace. Vertex mismatch (KL\High Poly Head\FemaleHeadKhajiitChargen.tri - 5003 | KL\High Poly Head\FemaleHeadCharGen.tri - 3832).
RacePartDefaultGen::Accept - Could not bind default morphs for FemaleMouthKhajiit on KhajiitRace[1] using NordRace. Vertex mismatch (Actors\Character\Character Assets\Mouth\MouthKhajiitFemaleChargen.tri - 643 | Actors\Character\Character Assets\Mouth\MouthHumanFChargen.tri - 141).
RacePartDefaultGen::Accept - Could not bind default morphs for FemaleEyesKhajiitBase on KhajiitRace[1] using NordRace. Vertex mismatch (Actors\Character\Character Assets\EyesKhajiitFemaleChargen.tri - 50 | Actors\Character\Character Assets\EyesFemaleChargen.tri - 176).
RaceMap::CreateDefaultMap - Added default slider maps for ManikinRace from NordRace
RaceMap::CreateDefaultMap - Added default slider maps for NordRaceAstrid from NordRace
RaceMap::CreateDefaultMap - Added default slider maps for DLC2MiraakRace from NordRace
RaceMap::CreateDefaultMap - Added default slider maps for TestRace from NordRace
RaceMap::CreateDefaultMap - Added default slider maps for DLC1NordRace from NordRace
RacePartDefaultGen::Accept - Could not bind default morphs for MaleHeadChild on NordRaceChild[0] using NordRace. Vertex mismatch (actors\character\character assets\childheadchargen.tri - 1211 | KL\High Poly Head\MaleHeadCustomizations.tri - 3598).
RacePartDefaultGen::Accept - Binding default morphs for ChildMouth (Actors\Character\Character Assets\Mouth\MouthChildChargen.tri) on NordRaceChild[0] using NordRace. (Actors\Character\Character Assets\Mouth\MouthChildChargen.tri - 141 | Actors\Character\Character Assets\Mouth\MouthHumanChargen.tri - 141)
RacePartDefaultGen::Accept - Could not bind default morphs for ChildEyes on NordRaceChild[0] using NordRace. Vertex mismatch (actors\character\character assets\eyeschildchargen.tri - 204 | Actors\Character\Character Assets\EyesMaleCharGen.tri - 186).
RacePartDefaultGen::Accept - Could not bind default morphs for MaleHeadChild on NordRaceChild[1] using NordRace. Vertex mismatch (actors\character\character assets\childheadchargen.tri - 1211 | KL\High Poly Head\FemaleHeadCharGen.tri - 3832).
RacePartDefaultGen::Accept - Binding default morphs for ChildMouth (Actors\Character\Character Assets\Mouth\MouthChildChargen.tri) on NordRaceChild[1] using NordRace. (Actors\Character\Character Assets\Mouth\MouthChildChargen.tri - 141 | Actors\Character\Character Assets\Mouth\MouthHumanFChargen.tri - 141)
RacePartDefaultGen::Accept - Could not bind default morphs for ChildEyes on NordRaceChild[1] using NordRace. Vertex mismatch (actors\character\character assets\eyeschildchargen.tri - 204 | Actors\Character\Character Assets\EyesFemaleChargen.tri - 176).
RaceMap::CreateDefaultMap - Added default slider maps for ElderRace from NordRace
RaceMap::CreateDefaultMap - Added default slider maps for ElderRaceVampire from NordRace
RacePartDefaultGen::Accept - Could not bind default morphs for MaleMouthOrc1 on OrcRaceVampire[0] using NordRace. Vertex mismatch (Actors\Character\Character Assets\Mouth\MouthOrcChargen.tri - 348 | Actors\Character\Character Assets\Mouth\MouthHumanChargen.tri - 141).
RacePartDefaultGen::Accept - Could not bind default morphs for FemaleMouthOrc on OrcRaceVampire[1] using NordRace. Vertex mismatch (Actors\Character\Character Assets\Mouth\MouthOrcFemaleChargen.tri - 348 | Actors\Character\Character Assets\Mouth\MouthHumanFChargen.tri - 141).
RacePartDefaultGen::Accept - Could not bind default morphs for MaleMouthOrc1 on OrcRace[0] using NordRace. Vertex mismatch (Actors\Character\Character Assets\Mouth\MouthOrcChargen.tri - 348 | Actors\Character\Character Assets\Mouth\MouthHumanChargen.tri - 141).
RacePartDefaultGen::Accept - Could not bind default morphs for FemaleMouthOrc on OrcRace[1] using NordRace. Vertex mismatch (Actors\Character\Character Assets\Mouth\MouthOrcFemaleChargen.tri - 348 | Actors\Character\Character Assets\Mouth\MouthHumanFChargen.tri - 141).
RacePartDefaultGen::Accept - Could not bind default morphs for MaleHeadChild on RedguardRaceChild[0] using NordRace. Vertex mismatch (actors\character\character assets\childheadchargen.tri - 1211 | KL\High Poly Head\MaleHeadCustomizations.tri - 3598).
RacePartDefaultGen::Accept - Could not bind default morphs for ChildEyes on RedguardRaceChild[0] using NordRace. Vertex mismatch (actors\character\character assets\eyeschildchargen.tri - 204 | Actors\Character\Character Assets\EyesMaleCharGen.tri - 186).
RacePartDefaultGen::Accept - Binding default morphs for ChildMouth (Actors\Character\Character Assets\Mouth\MouthChildChargen.tri) on RedguardRaceChild[0] using NordRace. (Actors\Character\Character Assets\Mouth\MouthChildChargen.tri - 141 | Actors\Character\Character Assets\Mouth\MouthHumanChargen.tri - 141)
RacePartDefaultGen::Accept - Could not bind default morphs for MaleHeadChild on RedguardRaceChild[1] using NordRace. Vertex mismatch (actors\character\character assets\childheadchargen.tri - 1211 | KL\High Poly Head\FemaleHeadCharGen.tri - 3832).
RacePartDefaultGen::Accept - Binding default morphs for ChildMouth (Actors\Character\Character Assets\Mouth\MouthChildChargen.tri) on RedguardRaceChild[1] using NordRace. (Actors\Character\Character Assets\Mouth\MouthChildChargen.tri - 141 | Actors\Character\Character Assets\Mouth\MouthHumanFChargen.tri - 141)
RacePartDefaultGen::Accept - Could not bind default morphs for ChildEyes on RedguardRaceChild[1] using NordRace. Vertex mismatch (actors\character\character assets\eyeschildchargen.tri - 204 | Actors\Character\Character Assets\EyesFemaleChargen.tri - 176).
RaceMap::CreateDefaultMap - Added default slider maps for SnowElfRace from NordRace
Reverting...
Loading...
Loaded Morph: CME_HighElf - Value: 0.380000
Loaded Morph: CME_Breton - Value: 0.010000
Loaded Morph: CME_Imperial - Value: -0.010000
SKEE64Serialization_Load - Loaded 0ms
Saving...
SKEE64Serialization_Save - Serialized string table 0ms
SKEE64Serialization_Save - Player morph data 0ms
SKEE64Serialization_Save - Serialized transforms 0ms
SKEE64Serialization_Save - Serialized overlays 0ms
SKEE64Serialization_Save - Serialized overrides 0ms
SKEE64Serialization_Save - Serialized body morphs 0ms
SKEE64Serialization_Save - Serialized item data 0ms
Reverting...
Loading...
Loaded Morph: CME_HighElf - Value: 0.380000
Loaded Morph: CME_Breton - Value: 0.010000
Loaded Morph: CME_Imperial - Value: -0.010000
SKEE64Serialization_Load - Loaded 0ms
Reverting...
Loading...
Loaded Morph: CME_HighElf - Value: 0.380000
Loaded Morph: CME_Breton - Value: 0.010000
Loaded Morph: CME_Imperial - Value: -0.010000
SKEE64Serialization_Load - Loaded 0ms
Saving...
SKEE64Serialization_Save - Serialized string table 0ms
SKEE64Serialization_Save - Player morph data 0ms
SKEE64Serialization_Save - Serialized transforms 0ms
SKEE64Serialization_Save - Serialized overlays 0ms
SKEE64Serialization_Save - Serialized overrides 0ms
SKEE64Serialization_Save - Serialized body morphs 0ms
SKEE64Serialization_Save - Serialized item data 0ms
