date       time     [thread name/id ]                   file:line    v |
2023-05-10 10:52:30 [MainThread     ]                log.cpp:279   INFO| Opened log file Hades.log
2023-05-10 10:52:30 [MainThread     ]            program.cpp:1461   DBG| Previous stack guard size was 0 bytes
2023-05-10 10:52:30 [MainThread     ]          optionset.cpp:157   INFO| argument: /c=..\
2023-05-10 10:52:30 [MainThread     ]          optionset.cpp:157   INFO| argument: /steampowered
2023-05-10 10:52:30 [MainThread     ]          optionset.cpp:157   INFO| argument: /DirectLoadShell=true
2023-05-10 10:52:30 [MainThread     ]          optionset.cpp:157   INFO| argument: /DebugMessages=false
2023-05-10 10:52:30 [MainThread     ]          optionset.cpp:157   INFO| argument: /DebugKeysEnabled=false
2023-05-10 10:52:30 [MainThread     ]          optionset.cpp:157   INFO| argument: /ShowFPS=false
2023-05-10 10:52:30 [MainThread     ]          optionset.cpp:157   INFO| argument: /PerfDashWarnings=false
2023-05-10 10:52:30 [MainThread     ]          optionset.cpp:157   INFO| argument: /VerboseScriptLogging=false
2023-05-10 10:52:30 [MainThread     ]          optionset.cpp:157   INFO| argument: /UnsafeDebugKeysEnabled=false
2023-05-10 10:52:30 [MainThread     ]          optionset.cpp:157   INFO| argument: /LiveCreateTextures=false
2023-05-10 10:52:30 [MainThread     ]    platformservice.cpp:387    DBG| Processor Count : 20
2023-05-10 10:52:30 [MainThread     ]            program.cpp:1701   DBG| TotalRam: 34163642368
2023-05-10 10:52:30 [MainThread     ]            program.cpp:1702   DBG| Running Hades in 64-bit
2023-05-10 10:52:30 [MainThread     ]       pcsavedevice.cpp:249   INFO| Opening save file for reading: activeProfile
2023-05-10 10:52:30 [MainThread     ]     binaryloaddata.cpp:12    INFO| Reading 16 bytes
2023-05-10 10:52:30 [MainThread     ]     profilemanager.cpp:40    INFO| Loading default profile C:\Users\user\Documents\Saved Games\Hades Profile1
2023-05-10 10:52:30 [MainThread     ]     profilemanager.cpp:187   INFO| ProfileManager::Load(): Profile1.sjson 
2023-05-10 10:52:30 [MainThread     ]       pcsavedevice.cpp:249   INFO| Opening save file for reading: Profile1.sjson
2023-05-10 10:52:30 [MainThread     ]      configoptions.cpp:1567  INFO| ConfigOption: WindowHeight = 1080
2023-05-10 10:52:30 [MainThread     ]      configoptions.cpp:1581  INFO| ConfigOption: MasterVolume = 0.611942
2023-05-10 10:52:30 [MainThread     ]      configoptions.cpp:1567  INFO| ConfigOption: NewUpdateSoundRevisionViewed = 38290
2023-05-10 10:52:30 [MainThread     ]      configoptions.cpp:1567  INFO| ConfigOption: BackupSaveCount = 3
2023-05-10 10:52:30 [MainThread     ]      configoptions.cpp:1567  INFO| ConfigOption: LastRoadmapRevisionViewed = 38290
2023-05-10 10:52:30 [MainThread     ]      configoptions.cpp:1581  INFO| ConfigOption: MusicVolume = 0.961865
2023-05-10 10:52:30 [MainThread     ]      configoptions.cpp:1567  INFO| ConfigOption: DisplayIndex = 0
2023-05-10 10:52:30 [MainThread     ]      configoptions.cpp:1567  INFO| ConfigOption: LastPatchNoteRevisionViewed = 38290
2023-05-10 10:52:30 [MainThread     ]      configoptions.cpp:1567  INFO| ConfigOption: Y = 1080
2023-05-10 10:52:30 [MainThread     ]      configoptions.cpp:1567  INFO| ConfigOption: X = 1920
2023-05-10 10:52:30 [MainThread     ]      configoptions.cpp:1567  INFO| ConfigOption: WindowWidth = 1920
2023-05-10 10:52:30 [MainThread     ]     profilemanager.cpp:216   INFO| Load profile successful
2023-05-10 10:52:30 [MainThread     ]  windowsfilesystem.cpp:209    ERR| Error opening file: C:\Users\user\Documents\Saved Games\Hades\ANIKET-PC.sjson -- rb (error: No such file or directory)
2023-05-10 10:52:30 [MainThread     ]  windowsfilesystem.cpp:209    ERR| Error opening file: D:\SteamLibrary\steamapps\common\Hades\Content\ConfigOptions\ANIKET-PC.sjson -- rb (error: No such file or directory)
2023-05-10 10:52:30 [MainThread     ]      configoptions.cpp:1588  INFO| ConfigOption: NextUpdateDate = NextUpdateCountdownCustom
2023-05-10 10:52:30 [MainThread     ]      configoptions.cpp:1588  INFO| ConfigOption: LastUpdateDate = 07-03-2020
2023-05-10 10:52:30 [MainThread     ]      configoptions.cpp:1588  INFO| ConfigOption: UpdateWarningDate = 11-01-2020
2023-05-10 10:52:30 [MainThread     ]      configoptions.cpp:1588  INFO| ConfigOption: SaveCollectionBeginDate = 10-05-2020
2023-05-10 10:52:30 [MainThread     ]      configoptions.cpp:1588  INFO| ConfigOption: SaveCollectionEndDate = 10-09-2020
2023-05-10 10:52:30 [MainThread     ]     binarysavedata.cpp:17    INFO| Writing 16 bytes
2023-05-10 10:52:30 [MainThread     ]            program.cpp:1837   DBG| Initial startup in 0.0 msec
2023-05-10 10:52:30 [MainThread     ]            program.cpp:1838   DBG| Profile load in 0.0 msec
2023-05-10 10:52:30 [MainThread     ]        windowsbase.cpp:358   INFO| ----Begin printing all displays available on the system----
2023-05-10 10:52:30 [MainThread     ]        windowsbase.cpp:362   INFO| Number of detected displays: 1
2023-05-10 10:52:30 [MainThread     ]        windowsbase.cpp:507   INFO| Display[0]: Generic PnP Monitor
2023-05-10 10:52:30 [MainThread     ]        windowsbase.cpp:515   INFO| (720 x 400) (640 x 480) (720 x 480) (800 x 600) (1128 x 634) (1280 x 720) (1024 x 768) 
2023-05-10 10:52:30 [MainThread     ]        windowsbase.cpp:515   INFO| (1366 x 768) (1152 x 870) (1440 x 900) (1600 x 900) (1280 x 960) (1760 x 990) (1280 x 1024) 
2023-05-10 10:52:30 [MainThread     ]        windowsbase.cpp:519   INFO| (1680 x 1050) (1920 x 1080) 
2023-05-10 10:52:30 [MainThread     ]        windowsbase.cpp:523   INFO| ----Finish printing all displays available on the system----
2023-05-10 10:52:30 [MainThread     ]        windowsbase.cpp:682   INFO| Created window app Hades
2023-05-10 10:52:30 [MainThread     ]          sdlwindow.cpp:54     DBG| SDL Initialized with UseNativeGaInputNoControllers
2023-05-10 10:52:30 [MainThread     ]         resolution.cpp:163    DBG| Monitor modes:
2023-05-10 10:52:30 [MainThread     ]            program.cpp:2095  INFO| DisplayModes Configured
2023-05-10 10:52:30 [MainThread     ]            program.cpp:2351   DBG| Initializing steam
2023-05-10 10:52:30 [MainThread     ]       steamwrapper.cpp:41     DBG| Steam Input initialized
2023-05-10 10:52:30 [MainThread     ]            program.cpp:2357   DBG| Steam initialized
2023-05-10 10:52:30 [MainThread     ]     discord_client.cpp:70    INFO| [Discord SDK] Discord init error: 4
2023-05-10 10:52:30 [MainThread     ]            program.cpp:2106  INFO| PlatformService Initialized
2023-05-10 10:52:30 [MainThread     ]     inputsystemsdl.cpp:740    DBG| InputSystemSDL Initialized with UseNativeGaInputNoControllers
2023-05-10 10:52:30 [MainThread     ]  windowsfilesystem.cpp:209    ERR| Error opening file: D:\SteamLibrary\steamapps\common\Hades\Content\gamecontrollerdb.txt -- rb (error: No such file or directory)
2023-05-10 10:52:30 [MainThread     ]       sdl2_gamepad.cpp:255   INFO| Unable to create the haptic device: Haptic: There are 0 haptic devices available
2023-05-10 10:52:30 [MainThread     ]       sdl2_gamepad.cpp:317   INFO| Controller Added:
2023-05-10 10:52:30 [MainThread     ]       sdl2_gamepad.cpp:318   INFO|      name: Controller (XBOX 360 For Windows)
2023-05-10 10:52:30 [MainThread     ]       sdl2_gamepad.cpp:319   INFO|      index: 0
2023-05-10 10:52:30 [MainThread     ]       sdl2_gamepad.cpp:320   INFO|      guid: 03000000de280000ff11000000007200
2023-05-10 10:52:30 [MainThread     ]            gamepad.cpp:215   INFO| Gamepad added: Index = 1, Name = Controller (XBOX 360 For Windows), GUID = 03000000de280000ff11000000007200
2023-05-10 10:52:30 [MainThread     ]            program.cpp:2113  INFO| InputSystem Initialized
2023-05-10 10:52:30 [MainThread     ]         direct3d11.cpp:833   INFO| Created DXGI1.2 factory.
2023-05-10 10:52:30 [MainThread     ]         filesystem.cpp:307    ERR| Trying to get an unset resource directory '8', make sure the resourceDirectory is set on start of the application
2023-05-10 10:52:30 [MainThread     ]         direct3d11.cpp:1012  INFO| gpuCount = 1
2023-05-10 10:52:30 [MainThread     ]         direct3d11.cpp:1088  INFO| GPU[0] detected. Vendor ID: 1002, Model ID: 73bf, Revision ID: c1, Preset: high, GPU Name: AMD Radeon RX 6800 XT
2023-05-10 10:52:30 [MainThread     ]      gpudetecthelper.h:187   INFO| ----Begin printing all graphics adapters available on the system----
2023-05-10 10:52:30 [MainThread     ]      gpudetecthelper.h:124   INFO| Number of GPUs detected: 3
2023-05-10 10:52:30 [MainThread     ]      gpudetecthelper.h:150   INFO| Adapter Name: AMD Radeon RX 6800 XT
2023-05-10 10:52:30 [MainThread     ]      gpudetecthelper.h:160   INFO| Driver Version: 31.0.14033.1012
2023-05-10 10:52:30 [MainThread     ]      gpudetecthelper.h:170   INFO| Driver Date: 2-17-2023
2023-05-10 10:52:30 [MainThread     ]      gpudetecthelper.h:189   INFO| ----Finish printing all graphics adapters available on the system----
2023-05-10 10:52:30 [MainThread     ]         direct3d11.cpp:1122  INFO| GPU[0] is selected as default GPU
2023-05-10 10:52:30 [MainThread     ]         direct3d11.cpp:1123  INFO| Name of selected gpu: AMD Radeon RX 6800 XT
2023-05-10 10:52:30 [MainThread     ]         direct3d11.cpp:1124  INFO| Vendor id of selected gpu: 0x1002
2023-05-10 10:52:30 [MainThread     ]         direct3d11.cpp:1125  INFO| Model id of selected gpu: 0x73bf
2023-05-10 10:52:30 [MainThread     ]         direct3d11.cpp:1126  INFO| Revision id of selected gpu: 0xc1
2023-05-10 10:52:30 [MainThread     ]         direct3d11.cpp:1127  INFO| Preset of selected gpu: high
2023-05-10 10:52:30 [MainThread     ]         direct3d11.cpp:1128  INFO| Available VRAM of selected GPU 17130807296
2023-05-10 10:52:30 [MainThread     ]      gpudetecthelper.h:124   INFO| Number of GPUs detected: 3
2023-05-10 10:52:30 [MainThread     ]      gpudetecthelper.h:150   INFO| Adapter Name: AMD Radeon RX 6800 XT
2023-05-10 10:52:30 [MainThread     ]      gpudetecthelper.h:160   INFO| Driver Version: 31.0.14033.1012
2023-05-10 10:52:30 [MainThread     ]      gpudetecthelper.h:170   INFO| Driver Date: 2-17-2023
2023-05-10 10:52:30 [MainThread     ]            program.cpp:2122  INFO| Renderer Initialized
2023-05-10 10:52:30 [MainThread     ]         direct3d11.cpp:1626  INFO| Swapchain creation SUCCEEDED with SwapEffect 0
2023-05-10 10:52:30 [MainThread     ]            program.cpp:2125  INFO| Renderer Loaded
2023-05-10 10:52:30 [MainThread     ]                app.cpp:151   INFO| Starting app: Release 38290
2023-05-10 10:52:30 [MainThread     ]                app.cpp:169    DBG| Pool logging: 1
2023-05-10 10:52:30 [MainThread     ]         resolution.cpp:43     DBG| ____________________________________CalculateViewportForAspectRatio __________________
2023-05-10 10:52:30 [MainThread     ]         resolution.cpp:44     DBG| Target Aspect Ratio :1.777778
2023-05-10 10:52:30 [MainThread     ]         resolution.cpp:45     DBG| Screen width: 1920 height: 1080
2023-05-10 10:52:30 [MainThread     ]         resolution.cpp:46     DBG| keepAspectRatio: 1
2023-05-10 10:52:30 [MainThread     ]         resolution.cpp:50     DBG| actualAspectRatio :1.777778
2023-05-10 10:52:30 [MainThread     ]         resolution.cpp:54     DBG| height for letterBoxing  :1080
2023-05-10 10:52:30 [MainThread     ]         resolution.cpp:57     DBG| LetterBoxing  :0
2023-05-10 10:52:30 [MainThread     ]         resolution.cpp:77     DBG| ____________________________________CalculateViewportForAspectRatio __________________
2023-05-10 10:52:30 [MainThread     ]         resolution.cpp:95     DBG| ____________________________________Resolution::Resize __________________
2023-05-10 10:52:30 [MainThread     ]         resolution.cpp:96     DBG| VIEWPORT: X: 0  Y: 0 W: 1920 H: 1080
2023-05-10 10:52:30 [MainThread     ]         resolution.cpp:97     DBG| SCALE: X: 1.000000 Y: 1.000000
2023-05-10 10:52:30 [MainThread     ]         resolution.cpp:98     DBG| FULL_VIEWPORT: X: 0  Y: 0 W: 1920 H: 1080
2023-05-10 10:52:30 [MainThread     ]         resolution.cpp:99     DBG| ____________________________________Resolution::Resize__________________
2023-05-10 10:52:30 [MainThread     ]                app.cpp:176    DBG| Initializing graphics device: 1920x1080
2023-05-10 10:52:30 [MainThread     ]                app.cpp:183    DBG| Setting fullscreen: true
2023-05-10 10:52:30 [MainThread     ]                app.cpp:213    DBG| Create components
2023-05-10 10:52:30 [MainThread     ]                app.cpp:234    DBG| Full screen bloom
2023-05-10 10:52:30 [MainThread     ]                app.cpp:238    DBG| Frame rate counter
2023-05-10 10:52:30 [MainThread     ]                app.cpp:244    DBG| Done with constructor
2023-05-10 10:52:30 [MainThread     ]                app.cpp:247    DBG| Setting RandomSeed: 730968332
2023-05-10 10:52:30 [MainThread     ]                app.cpp:414    DBG| App Initialize
2023-05-10 10:52:30 [MainThread     ]                app.cpp:425    DBG| numWorkers = 6
2023-05-10 10:52:30 [MainThread     ]         direct3d11.cpp:2985  INFO| Descriptor (Sampler) : User specified Static Sampler
2023-05-10 10:52:30 [MainThread     ]         direct3d11.cpp:2985  INFO| Descriptor (Sampler) : User specified Static Sampler
2023-05-10 10:52:30 [MainThread     ]         direct3d11.cpp:2985  INFO| Descriptor (Sampler) : User specified Static Sampler
2023-05-10 10:52:30 [MainThread     ]         direct3d11.cpp:2985  INFO| Descriptor (Sampler) : User specified Static Sampler
2023-05-10 10:52:30 [MainThread     ]         direct3d11.cpp:2985  INFO| Descriptor (Sampler) : User specified Static Sampler
2023-05-10 10:52:30 [MainThread     ]         direct3d11.cpp:2985  INFO| Descriptor (Sampler) : User specified Static Sampler
2023-05-10 10:52:30 [MainThread     ]         direct3d11.cpp:2985  INFO| Descriptor (Sampler) : User specified Static Sampler
2023-05-10 10:52:30 [MainThread     ]         direct3d11.cpp:2985  INFO| Descriptor (Sampler) : User specified Static Sampler
2023-05-10 10:52:30 [MainThread     ]         direct3d11.cpp:2985  INFO| Descriptor (Sampler) : User specified Static Sampler
2023-05-10 10:52:30 [MainThread     ]         direct3d11.cpp:2985  INFO| Descriptor (Sampler) : User specified Static Sampler
2023-05-10 10:52:30 [MainThread     ]         direct3d11.cpp:2985  INFO| Descriptor (Sampler) : User specified Static Sampler
2023-05-10 10:52:30 [MainThread     ]         direct3d11.cpp:2985  INFO| Descriptor (Sampler) : User specified Static Sampler
2023-05-10 10:52:30 [MainThread     ]         direct3d11.cpp:2985  INFO| Descriptor (Sampler) : User specified Static Sampler
2023-05-10 10:52:30 [MainThread     ]         direct3d11.cpp:2985  INFO| Descriptor (Sampler) : User specified Static Sampler
2023-05-10 10:52:30 [MainThread     ]         direct3d11.cpp:2985  INFO| Descriptor (Sampler) : User specified Static Sampler
2023-05-10 10:52:30 [MainThread     ]         direct3d11.cpp:2985  INFO| Descriptor (Sampler) : User specified Static Sampler
2023-05-10 10:52:30 [MainThread     ]         direct3d11.cpp:2985  INFO| Descriptor (Sampler) : User specified Static Sampler
2023-05-10 10:52:30 [MainThread     ]         direct3d11.cpp:2985  INFO| Descriptor (Sampler) : User specified Static Sampler
2023-05-10 10:52:30 [MainThread     ]         direct3d11.cpp:2985  INFO| Descriptor (Sampler) : User specified Static Sampler
2023-05-10 10:52:30 [MainThread     ]         direct3d11.cpp:2985  INFO| Descriptor (Sampler) : User specified Static Sampler
2023-05-10 10:52:30 [MainThread     ]         direct3d11.cpp:2985  INFO| Descriptor (Sampler) : User specified Static Sampler
2023-05-10 10:52:30 [MainThread     ]         direct3d11.cpp:2985  INFO| Descriptor (Sampler) : User specified Static Sampler
2023-05-10 10:52:30 [MainThread     ]         direct3d11.cpp:2985  INFO| Descriptor (Sampler) : User specified Static Sampler
2023-05-10 10:52:30 [MainThread     ]         direct3d11.cpp:2985  INFO| Descriptor (Sampler) : User specified Static Sampler
2023-05-10 10:52:30 [MainThread     ]         direct3d11.cpp:2985  INFO| Descriptor (Sampler) : User specified Static Sampler
2023-05-10 10:52:30 [MainThread     ]         direct3d11.cpp:2985  INFO| Descriptor (Sampler) : User specified Static Sampler
2023-05-10 10:52:30 [MainThread     ]         direct3d11.cpp:2985  INFO| Descriptor (Sampler) : User specified Static Sampler
2023-05-10 10:52:30 [MainThread     ]         direct3d11.cpp:2985  INFO| Descriptor (Sampler) : User specified Static Sampler
2023-05-10 10:52:30 [MainThread     ]         direct3d11.cpp:2985  INFO| Descriptor (Sampler) : User specified Static Sampler
2023-05-10 10:52:30 [MainThread     ]         direct3d11.cpp:2985  INFO| Descriptor (Sampler) : User specified Static Sampler
2023-05-10 10:52:30 [MainThread     ]         direct3d11.cpp:2985  INFO| Descriptor (Sampler) : User specified Static Sampler
2023-05-10 10:52:30 [MainThread     ]         direct3d11.cpp:2985  INFO| Descriptor (Sampler) : User specified Static Sampler
2023-05-10 10:52:30 [MainThread     ]         direct3d11.cpp:2985  INFO| Descriptor (Sampler) : User specified Static Sampler
2023-05-10 10:52:30 [MainThread     ]         direct3d11.cpp:2985  INFO| Descriptor (Sampler) : User specified Static Sampler
2023-05-10 10:52:30 [MainThread     ]         direct3d11.cpp:2985  INFO| Descriptor (Sampler) : User specified Static Sampler
2023-05-10 10:52:30 [MainThread     ]         direct3d11.cpp:2985  INFO| Descriptor (Sampler) : User specified Static Sampler
2023-05-10 10:52:30 [MainThread     ]         direct3d11.cpp:2985  INFO| Descriptor (Sampler) : User specified Static Sampler
2023-05-10 10:52:30 [MainThread     ]         direct3d11.cpp:2985  INFO| Descriptor (Sampler) : User specified Static Sampler
2023-05-10 10:52:30 [MainThread     ]         direct3d11.cpp:2985  INFO| Descriptor (Sampler) : User specified Static Sampler
2023-05-10 10:52:30 [MainThread     ]         direct3d11.cpp:2985  INFO| Descriptor (Sampler) : User specified Static Sampler
2023-05-10 10:52:30 [MainThread     ]         direct3d11.cpp:2985  INFO| Descriptor (Sampler) : User specified Static Sampler
2023-05-10 10:52:30 [MainThread     ]         direct3d11.cpp:2985  INFO| Descriptor (Sampler) : User specified Static Sampler
2023-05-10 10:52:30 [MainThread     ]         direct3d11.cpp:2985  INFO| Descriptor (Sampler) : User specified Static Sampler
2023-05-10 10:52:30 [MainThread     ]         direct3d11.cpp:2985  INFO| Descriptor (Sampler) : User specified Static Sampler
2023-05-10 10:52:30 [MainThread     ]         direct3d11.cpp:2985  INFO| Descriptor (Sampler) : User specified Static Sampler
2023-05-10 10:52:30 [MainThread     ]         direct3d11.cpp:2985  INFO| Descriptor (Sampler) : User specified Static Sampler
2023-05-10 10:52:30 [MainThread     ]         direct3d11.cpp:2985  INFO| Descriptor (Sampler) : User specified Static Sampler
2023-05-10 10:52:30 [MainThread     ]         direct3d11.cpp:2985  INFO| Descriptor (Sampler) : User specified Static Sampler
2023-05-10 10:52:30 [MainThread     ]         direct3d11.cpp:2985  INFO| Descriptor (Sampler) : User specified Static Sampler
2023-05-10 10:52:30 [MainThread     ]         direct3d11.cpp:2985  INFO| Descriptor (Sampler) : User specified Static Sampler
2023-05-10 10:52:30 [MainThread     ]         direct3d11.cpp:2985  INFO| Descriptor (Sampler) : User specified Static Sampler
2023-05-10 10:52:30 [MainThread     ]         direct3d11.cpp:2985  INFO| Descriptor (Sampler) : User specified Static Sampler
2023-05-10 10:52:30 [MainThread     ]         direct3d11.cpp:2985  INFO| Descriptor (Sampler) : User specified Static Sampler
2023-05-10 10:52:30 [MainThread     ]         direct3d11.cpp:2985  INFO| Descriptor (Sampler) : User specified Static Sampler
2023-05-10 10:52:30 [MainThread     ]         direct3d11.cpp:2985  INFO| Descriptor (Sampler) : User specified Static Sampler
2023-05-10 10:52:30 [MainThread     ]         direct3d11.cpp:2985  INFO| Descriptor (Sampler) : User specified Static Sampler
2023-05-10 10:52:30 [MainThread     ]         direct3d11.cpp:2985  INFO| Descriptor (Sampler) : User specified Static Sampler
2023-05-10 10:52:30 [MainThread     ]   gameassetmanager.cpp:515   INFO| Loading package: Launch.pkg
2023-05-10 10:52:30 [MainThread     ]   gameassetmanager.cpp:436   INFO| Start reading manifest Launch
2023-05-10 10:52:30 [MainThread     ]   gameassetmanager.cpp:489   INFO| Done reading manifest Launch
2023-05-10 10:52:30 [MainThread     ]   gameassetmanager.cpp:545   INFO| Package Loaded: Launch
2023-05-10 10:52:30 [MainThread     ]      screenmanager.cpp:115    DBG| Load Launch Pkg took 0.004183 seconds
2023-05-10 10:52:30 [MainThread     ]   gameassetmanager.cpp:515   INFO| Loading package: Dev.pkg
2023-05-10 10:52:30 [MainThread     ]   gameassetmanager.cpp:436   INFO| Start reading manifest Dev
2023-05-10 10:52:30 [MainThread     ]   gameassetmanager.cpp:489   INFO| Done reading manifest Dev
2023-05-10 10:52:30 [MainThread     ]   gameassetmanager.cpp:545   INFO| Package Loaded: Dev
2023-05-10 10:52:30 [MainThread     ]      screenmanager.cpp:121    DBG| Dev Pkg took 0.035961 seconds
2023-05-10 10:52:30 [MainThread     ]      windowservice.cpp:424    DBG| english
2023-05-10 10:52:30 [MainThread     ]      screenmanager.cpp:128    DBG| Localization::Init() took 0.018164 seconds
2023-05-10 10:52:30 [MainThread     ]             luaext.cpp:453   INFO| Lua interface destroyed
2023-05-10 10:52:31 [NoName         ]  windowsfilesystem.cpp:209    ERR| Error opening file: C:\Users\user\Documents\Saved Games\Hades\Profile1.ctrls -- rb (error: No such file or directory)
2023-05-10 10:52:31 [NoName         ]       pcsavedevice.cpp:267   INFO| Unable to find save file: Profile1.ctrls
2023-05-10 10:52:31 [MainThread     ]    gamedatamanager.cpp:355   INFO| Reading game data from D:\SteamLibrary\steamapps\common\Hades\Content\Game
2023-05-10 10:52:31 [MainThread     ]                app.cpp:331    DBG| App.resize 1920x1080
2023-05-10 10:52:31 [MainThread     ]         resolution.cpp:43     DBG| ____________________________________CalculateViewportForAspectRatio __________________
2023-05-10 10:52:31 [MainThread     ]         resolution.cpp:44     DBG| Target Aspect Ratio :1.777778
2023-05-10 10:52:31 [MainThread     ]         resolution.cpp:45     DBG| Screen width: 1920 height: 1080
2023-05-10 10:52:31 [MainThread     ]         resolution.cpp:46     DBG| keepAspectRatio: 1
2023-05-10 10:52:31 [MainThread     ]         resolution.cpp:50     DBG| actualAspectRatio :1.777778
2023-05-10 10:52:31 [MainThread     ]         resolution.cpp:54     DBG| height for letterBoxing  :1080
2023-05-10 10:52:31 [MainThread     ]         resolution.cpp:57     DBG| LetterBoxing  :0
2023-05-10 10:52:31 [MainThread     ]         resolution.cpp:77     DBG| ____________________________________CalculateViewportForAspectRatio __________________
2023-05-10 10:52:31 [MainThread     ]         resolution.cpp:95     DBG| ____________________________________Resolution::Resize __________________
2023-05-10 10:52:31 [MainThread     ]         resolution.cpp:96     DBG| VIEWPORT: X: 0  Y: 0 W: 1920 H: 1080
2023-05-10 10:52:31 [MainThread     ]         resolution.cpp:97     DBG| SCALE: X: 1.000000 Y: 1.000000
2023-05-10 10:52:31 [MainThread     ]         resolution.cpp:98     DBG| FULL_VIEWPORT: X: 0  Y: 0 W: 1920 H: 1080
2023-05-10 10:52:31 [MainThread     ]         resolution.cpp:99     DBG| ____________________________________Resolution::Resize__________________
2023-05-10 10:52:31 [MainThread     ]       launchscreen.cpp:135    DBG| new LaunchScreen
2023-05-10 10:52:31 [MainThread     ]  windowsfilesystem.cpp:209    ERR| Error opening file: D:\SteamLibrary\steamapps\common\Hades\Content\Game\LaunchScreen.sjson -- rb (error: No such file or directory)
2023-05-10 10:52:31 [NoName         ]       audiomanager.cpp:374    DBG| AudioManager.Initialize
2023-05-10 10:52:31 [MainThread     ]  platformanalytics.cpp:23     DBG| Initializing Analytics
2023-05-10 10:52:31 [MainThread     ]  platformanalytics.cpp:31     DBG| Done initializing Analytics
2023-05-10 10:52:31 [MainThread     ]            program.cpp:2297  INFO| Application Init+Load 0.677000
2023-05-10 10:52:31 [MainThread     ]            program.cpp:2311   DBG| User Document Path found!!
2023-05-10 10:52:31 [MainThread     ]            program.cpp:2325   DBG| Log file created
2023-05-10 10:52:31 [MainThread     ]            program.cpp:2339   DBG| Data correctly read!!
2023-05-10 10:52:31 [MainThread     ]        windowsbase.cpp:1150  INFO| Application Init+Load 0.677000
2023-05-10 10:52:31 [NoName         ]       audiomanager.cpp:464    DBG| FMOD Default Rate 48000 Mode 0 Speakers 0 Software Channels: 64
2023-05-10 10:52:31 [NoName         ]       audiomanager.cpp:470    DBG| FMOD changed to Rate: 48000 Mode: 3 Speakers: 2 Software Channels: 64
2023-05-10 10:52:31 [NoName         ]       audiomanager.cpp:546    DBG| FMOD post init Rate 48000 Mode 3 Speakers 2
2023-05-10 10:52:31 [NoName         ]       audiomanager.cpp:775    DBG| Loading bank: MasterBank.bank
2023-05-10 10:52:31 [NoName         ]       audiomanager.cpp:775    DBG| Loading bank: MasterBank.strings.bank
2023-05-10 10:52:31 [NoName         ]       launchscreen.cpp:62     DBG| Load Manifests took 0.091434
2023-05-10 10:52:31 [NoName         ]       audiomanager.cpp:775    DBG| Loading bank: Ambience.bank
2023-05-10 10:52:31 [NoName         ]       launchscreen.cpp:86     DBG| binkAtlases took 0.065514
2023-05-10 10:52:31 [NoName         ]   gameassetmanager.cpp:436   INFO| Start reading manifest GUI
2023-05-10 10:52:31 [NoName         ]       audiomanager.cpp:775    DBG| Loading bank: Music.bank
2023-05-10 10:52:31 [NoName         ]   gameassetmanager.cpp:489   INFO| Done reading manifest GUI
2023-05-10 10:52:31 [NoName         ]   gameassetmanager.cpp:436   INFO| Start reading manifest GUI_Mouse
2023-05-10 10:52:31 [NoName         ]   gameassetmanager.cpp:489   INFO| Done reading manifest GUI_Mouse
2023-05-10 10:52:31 [NoName         ]   gameassetmanager.cpp:436   INFO| Start reading manifest Fx
2023-05-10 10:52:31 [NoName         ]   gameassetmanager.cpp:489   INFO| Done reading manifest Fx
2023-05-10 10:52:31 [NoName         ]   gameassetmanager.cpp:436   INFO| Start reading manifest RoomManager
2023-05-10 10:52:31 [NoName         ]   gameassetmanager.cpp:489   INFO| Done reading manifest RoomManager
2023-05-10 10:52:31 [NoName         ]   gameassetmanager.cpp:436   INFO| Start reading manifest UIScripts
2023-05-10 10:52:31 [NoName         ]   gameassetmanager.cpp:489   INFO| Done reading manifest UIScripts
2023-05-10 10:52:31 [NoName         ]       launchscreen.cpp:103    DBG| Load BasePackages took 0.029247
2023-05-10 10:52:31 [GameAssetManagerLoadThread]   gameassetmanager.cpp:515   INFO| Loading package: GUI.pkg
2023-05-10 10:52:31 [NoName         ]       audiomanager.cpp:775    DBG| Loading bank: Sounds.bank
2023-05-10 10:52:31 [NoName         ]       audiomanager.cpp:921    DBG| AudioManager categories loaded
2023-05-10 10:52:31 [NoName         ]       audiomanager.cpp:576    DBG| AudioManager.FModStartup complete
2023-05-10 10:52:31 [NoName         ]       audiomanager.cpp:384    DBG| AudioManager.Initialize complete
2023-05-10 10:52:31 [NoName         ]       launchscreen.cpp:119    DBG| AudioManager::Initialize took 0.271056
2023-05-10 10:52:31 [GameAssetManagerLoadThread]   gameassetmanager.cpp:545   INFO| Package Loaded: GUI
2023-05-10 10:52:31 [GameAssetManagerLoadThread]   gameassetmanager.cpp:515   INFO| Loading package: GUI_Mouse.pkg
2023-05-10 10:52:31 [GameAssetManagerLoadThread]   gameassetmanager.cpp:545   INFO| Package Loaded: GUI_Mouse
2023-05-10 10:52:31 [GameAssetManagerLoadThread]   gameassetmanager.cpp:515   INFO| Loading package: Fx.pkg
2023-05-10 10:52:32 [GameAssetManagerLoadThread]   gameassetmanager.cpp:545   INFO| Package Loaded: Fx
2023-05-10 10:52:32 [GameAssetManagerLoadThread]   gameassetmanager.cpp:515   INFO| Loading package: RoomManager.pkg
2023-05-10 10:52:32 [GameAssetManagerLoadThread]   gameassetmanager.cpp:545   INFO| Package Loaded: RoomManager
2023-05-10 10:52:32 [GameAssetManagerLoadThread]   gameassetmanager.cpp:515   INFO| Loading package: UIScripts.pkg
2023-05-10 10:52:32 [GameAssetManagerLoadThread]   gameassetmanager.cpp:545   INFO| Package Loaded: UIScripts
2023-05-10 10:52:32 [NoName         ]       launchscreen.cpp:105    DBG| Finished AssetManager Loading 
2023-05-10 10:52:32 [NoName         ]    gamedatamanager.cpp:821   INFO| Reading game data from D:\SteamLibrary\steamapps\common\Hades\Content\Game
2023-05-10 10:52:32 [NoName         ]    gamedatamanager.cpp:835    DBG| ReadUnitData took 0.005436 seconds
2023-05-10 10:52:32 [NoName         ]    gamedatamanager.cpp:904    DBG| ReadWeaponData took 0.010934 seconds
2023-05-10 10:52:32 [NoName         ]    gamedatamanager.cpp:926    DBG| Projectile took 0.015200 seconds
2023-05-10 10:52:32 [NoName         ]    gamedatamanager.cpp:941    DBG| ReadObstacleData took 0.033740 seconds
2023-05-10 10:52:32 [NoName         ]    gamedatamanager.cpp:954    DBG| Other Dat took 0.002469 seconds
2023-05-10 10:52:32 [NoName         ]     binaryloaddata.cpp:12    INFO| Reading 32202 bytes
2023-05-10 10:52:32 [NoName         ]     binaryloaddata.cpp:12    INFO| Reading 128202 bytes
2023-05-10 10:52:32 [NoName         ]     binaryloaddata.cpp:12    INFO| Reading 28362 bytes
2023-05-10 10:52:32 [NoName         ]     binaryloaddata.cpp:12    INFO| Reading 2602 bytes
2023-05-10 10:52:32 [NoName         ]     binaryloaddata.cpp:12    INFO| Reading 39882 bytes
2023-05-10 10:52:32 [NoName         ]     binaryloaddata.cpp:12    INFO| Reading 19402 bytes
2023-05-10 10:52:32 [NoName         ]     binaryloaddata.cpp:12    INFO| Reading 30922 bytes
2023-05-10 10:52:32 [NoName         ]     binaryloaddata.cpp:12    INFO| Reading 32202 bytes
2023-05-10 10:52:32 [NoName         ]     binaryloaddata.cpp:12    INFO| Reading 38602 bytes
2023-05-10 10:52:32 [NoName         ]     binaryloaddata.cpp:12    INFO| Reading 38602 bytes
2023-05-10 10:52:32 [NoName         ]     binaryloaddata.cpp:12    INFO| Reading 32202 bytes
2023-05-10 10:52:32 [NoName         ]     binaryloaddata.cpp:12    INFO| Reading 38602 bytes
2023-05-10 10:52:32 [NoName         ]     binaryloaddata.cpp:12    INFO| Reading 184559 bytes
2023-05-10 10:52:32 [NoName         ]     binaryloaddata.cpp:12    INFO| Reading 69359 bytes
2023-05-10 10:52:32 [NoName         ]     binaryloaddata.cpp:12    INFO| Reading 115439 bytes
2023-05-10 10:52:32 [NoName         ]     binaryloaddata.cpp:12    INFO| Reading 19439 bytes
2023-05-10 10:52:32 [NoName         ]     binaryloaddata.cpp:12    INFO| Reading 1401 bytes
2023-05-10 10:52:32 [NoName         ]     binaryloaddata.cpp:12    INFO| Reading 8161 bytes
2023-05-10 10:52:32 [NoName         ]     binaryloaddata.cpp:12    INFO| Reading 53961 bytes
2023-05-10 10:52:32 [NoName         ]     binaryloaddata.cpp:12    INFO| Reading 36041 bytes
2023-05-10 10:52:32 [NoName         ]     binaryloaddata.cpp:12    INFO| Reading 10441 bytes
2023-05-10 10:52:32 [NoName         ]     binaryloaddata.cpp:12    INFO| Reading 33481 bytes
2023-05-10 10:52:32 [NoName         ]     binaryloaddata.cpp:12    INFO| Reading 1401 bytes
2023-05-10 10:52:32 [NoName         ]     binaryloaddata.cpp:12    INFO| Reading 3561 bytes
2023-05-10 10:52:32 [NoName         ]     binaryloaddata.cpp:12    INFO| Reading 1401 bytes
2023-05-10 10:52:32 [NoName         ]     binaryloaddata.cpp:12    INFO| Reading 51401 bytes
2023-05-10 10:52:32 [NoName         ]     binaryloaddata.cpp:12    INFO| Reading 61641 bytes
2023-05-10 10:52:32 [NoName         ]     binaryloaddata.cpp:12    INFO| Reading 8761 bytes
2023-05-10 10:52:32 [NoName         ]     binaryloaddata.cpp:12    INFO| Reading 6161 bytes
2023-05-10 10:52:32 [NoName         ]     binaryloaddata.cpp:12    INFO| Reading 59721 bytes
2023-05-10 10:52:32 [NoName         ]     binaryloaddata.cpp:12    INFO| Reading 52681 bytes
2023-05-10 10:52:32 [NoName         ]     binaryloaddata.cpp:12    INFO| Reading 128201 bytes
2023-05-10 10:52:32 [NoName         ]     binaryloaddata.cpp:12    INFO| Reading 224201 bytes
2023-05-10 10:52:32 [NoName         ]     binaryloaddata.cpp:12    INFO| Reading 107721 bytes
2023-05-10 10:52:32 [NoName         ]     binaryloaddata.cpp:12    INFO| Reading 56521 bytes
2023-05-10 10:52:32 [NoName         ]     binaryloaddata.cpp:12    INFO| Reading 10441 bytes
2023-05-10 10:52:32 [NoName         ]     binaryloaddata.cpp:12    INFO| Reading 3801 bytes
2023-05-10 10:52:32 [NoName         ]     binaryloaddata.cpp:12    INFO| Reading 45436 bytes
2023-05-10 10:52:32 [NoName         ]     binaryloaddata.cpp:12    INFO| Reading 1564 bytes
2023-05-10 10:52:32 [NoName         ]     binaryloaddata.cpp:12    INFO| Reading 41596 bytes
2023-05-10 10:52:32 [NoName         ]     binaryloaddata.cpp:12    INFO| Reading 30844 bytes
2023-05-10 10:52:32 [NoName         ]     binaryloaddata.cpp:12    INFO| Reading 38524 bytes
2023-05-10 10:52:32 [NoName         ]     binaryloaddata.cpp:12    INFO| Reading 23164 bytes
2023-05-10 10:52:32 [NoName         ]     binaryloaddata.cpp:12    INFO| Reading 92284 bytes
2023-05-10 10:52:32 [NoName         ]     binaryloaddata.cpp:12    INFO| Reading 32380 bytes
2023-05-10 10:52:32 [NoName         ]     binaryloaddata.cpp:12    INFO| Reading 75940 bytes
2023-05-10 10:52:32 [NoName         ]     binaryloaddata.cpp:12    INFO| Reading 101540 bytes
2023-05-10 10:52:32 [NoName         ]     binaryloaddata.cpp:12    INFO| Reading 71844 bytes
2023-05-10 10:52:32 [NoName         ]     binaryloaddata.cpp:12    INFO| Reading 119972 bytes
2023-05-10 10:52:32 [NoName         ]     binaryloaddata.cpp:12    INFO| Reading 17572 bytes
2023-05-10 10:52:32 [NoName         ]     binaryloaddata.cpp:12    INFO| Reading 24740 bytes
2023-05-10 10:52:32 [NoName         ]     binaryloaddata.cpp:12    INFO| Reading 29860 bytes
2023-05-10 10:52:32 [NoName         ]     binaryloaddata.cpp:12    INFO| Reading 50340 bytes
2023-05-10 10:52:32 [NoName         ]     binaryloaddata.cpp:12    INFO| Reading 47771 bytes
2023-05-10 10:52:32 [NoName         ]     binaryloaddata.cpp:12    INFO| Reading 107803 bytes
2023-05-10 10:52:33 [NoName         ]     binaryloaddata.cpp:12    INFO| Reading 107803 bytes
2023-05-10 10:52:33 [NoName         ]     binaryloaddata.cpp:12    INFO| Reading 107803 bytes
2023-05-10 10:52:33 [NoName         ]     binaryloaddata.cpp:12    INFO| Reading 114971 bytes
2023-05-10 10:52:33 [NoName         ]     binaryloaddata.cpp:12    INFO| Reading 215323 bytes
2023-05-10 10:52:33 [NoName         ]     binaryloaddata.cpp:12    INFO| Reading 57627 bytes
2023-05-10 10:52:33 [NoName         ]     binaryloaddata.cpp:12    INFO| Reading 183067 bytes
2023-05-10 10:52:33 [NoName         ]     binaryloaddata.cpp:12    INFO| Reading 179483 bytes
2023-05-10 10:52:33 [NoName         ]     binaryloaddata.cpp:12    INFO| Reading 55835 bytes
2023-05-10 10:52:33 [NoName         ]     binaryloaddata.cpp:12    INFO| Reading 75547 bytes
2023-05-10 10:52:33 [NoName         ]     binaryloaddata.cpp:12    INFO| Reading 54043 bytes
2023-05-10 10:52:33 [NoName         ]     binaryloaddata.cpp:12    INFO| Reading 114971 bytes
2023-05-10 10:52:33 [NoName         ]     binaryloaddata.cpp:12    INFO| Reading 57627 bytes
2023-05-10 10:52:33 [NoName         ]     binaryloaddata.cpp:12    INFO| Reading 89883 bytes
2023-05-10 10:52:33 [NoName         ]     binaryloaddata.cpp:12    INFO| Reading 111387 bytes
2023-05-10 10:52:33 [NoName         ]     binaryloaddata.cpp:12    INFO| Reading 140059 bytes
2023-05-10 10:52:33 [NoName         ]     binaryloaddata.cpp:12    INFO| Reading 55835 bytes
2023-05-10 10:52:33 [NoName         ]     binaryloaddata.cpp:12    INFO| Reading 54043 bytes
2023-05-10 10:52:33 [NoName         ]     binaryloaddata.cpp:12    INFO| Reading 57627 bytes
2023-05-10 10:52:33 [NoName         ]     binaryloaddata.cpp:12    INFO| Reading 114971 bytes
2023-05-10 10:52:33 [NoName         ]     binaryloaddata.cpp:12    INFO| Reading 215323 bytes
2023-05-10 10:52:33 [NoName         ]     binaryloaddata.cpp:12    INFO| Reading 8795 bytes
2023-05-10 10:52:33 [NoName         ]     binaryloaddata.cpp:12    INFO| Reading 57627 bytes
2023-05-10 10:52:33 [NoName         ]     binaryloaddata.cpp:12    INFO| Reading 236827 bytes
2023-05-10 10:52:33 [NoName         ]     binaryloaddata.cpp:12    INFO| Reading 36123 bytes
2023-05-10 10:52:33 [NoName         ]     binaryloaddata.cpp:12    INFO| Reading 89883 bytes
2023-05-10 10:52:33 [NoName         ]     binaryloaddata.cpp:12    INFO| Reading 197403 bytes
2023-05-10 10:52:33 [NoName         ]     binaryloaddata.cpp:12    INFO| Reading 45083 bytes
2023-05-10 10:52:33 [NoName         ]     binaryloaddata.cpp:12    INFO| Reading 45083 bytes
2023-05-10 10:52:33 [NoName         ]     binaryloaddata.cpp:12    INFO| Reading 54043 bytes
2023-05-10 10:52:33 [NoName         ]     binaryloaddata.cpp:12    INFO| Reading 86299 bytes
2023-05-10 10:52:33 [NoName         ]     binaryloaddata.cpp:12    INFO| Reading 136475 bytes
2023-05-10 10:52:33 [NoName         ]     binaryloaddata.cpp:12    INFO| Reading 138267 bytes
2023-05-10 10:52:33 [NoName         ]     binaryloaddata.cpp:12    INFO| Reading 114971 bytes
2023-05-10 10:52:33 [NoName         ]     binaryloaddata.cpp:12    INFO| Reading 57627 bytes
2023-05-10 10:52:33 [NoName         ]     binaryloaddata.cpp:12    INFO| Reading 57627 bytes
2023-05-10 10:52:33 [NoName         ]     binaryloaddata.cpp:12    INFO| Reading 57627 bytes
2023-05-10 10:52:33 [NoName         ]     binaryloaddata.cpp:12    INFO| Reading 57627 bytes
2023-05-10 10:52:33 [NoName         ]     binaryloaddata.cpp:12    INFO| Reading 57627 bytes
2023-05-10 10:52:33 [NoName         ]     binaryloaddata.cpp:12    INFO| Reading 186651 bytes
2023-05-10 10:52:33 [NoName         ]     binaryloaddata.cpp:12    INFO| Reading 143643 bytes
2023-05-10 10:52:33 [NoName         ]     binaryloaddata.cpp:12    INFO| Reading 161563 bytes
2023-05-10 10:52:33 [NoName         ]     binaryloaddata.cpp:12    INFO| Reading 54043 bytes
2023-05-10 10:52:33 [NoName         ]     binaryloaddata.cpp:12    INFO| Reading 57627 bytes
2023-05-10 10:52:33 [NoName         ]     binaryloaddata.cpp:12    INFO| Reading 269083 bytes
2023-05-10 10:52:33 [NoName         ]     binaryloaddata.cpp:12    INFO| Reading 304923 bytes
2023-05-10 10:52:33 [NoName         ]     binaryloaddata.cpp:12    INFO| Reading 63003 bytes
2023-05-10 10:52:33 [NoName         ]     binaryloaddata.cpp:12    INFO| Reading 204571 bytes
2023-05-10 10:52:33 [NoName         ]     binaryloaddata.cpp:12    INFO| Reading 150811 bytes
2023-05-10 10:52:33 [NoName         ]     binaryloaddata.cpp:12    INFO| Reading 134683 bytes
2023-05-10 10:52:33 [NoName         ]     binaryloaddata.cpp:12    INFO| Reading 107803 bytes
2023-05-10 10:52:33 [NoName         ]     binaryloaddata.cpp:12    INFO| Reading 27163 bytes
2023-05-10 10:52:33 [NoName         ]     binaryloaddata.cpp:12    INFO| Reading 229659 bytes
2023-05-10 10:52:33 [NoName         ]     binaryloaddata.cpp:12    INFO| Reading 28955 bytes
2023-05-10 10:52:33 [NoName         ]     binaryloaddata.cpp:12    INFO| Reading 304923 bytes
2023-05-10 10:52:33 [NoName         ]     binaryloaddata.cpp:12    INFO| Reading 236827 bytes
2023-05-10 10:52:33 [NoName         ]     binaryloaddata.cpp:12    INFO| Reading 71963 bytes
2023-05-10 10:52:33 [NoName         ]     binaryloaddata.cpp:12    INFO| Reading 122139 bytes
2023-05-10 10:52:33 [NoName         ]     binaryloaddata.cpp:12    INFO| Reading 168295 bytes
2023-05-10 10:52:33 [NoName         ]     binaryloaddata.cpp:12    INFO| Reading 114971 bytes
2023-05-10 10:52:33 [NoName         ]     binaryloaddata.cpp:12    INFO| Reading 118555 bytes
2023-05-10 10:52:33 [NoName         ]     binaryloaddata.cpp:12    INFO| Reading 63003 bytes
2023-05-10 10:52:33 [NoName         ]     binaryloaddata.cpp:12    INFO| Reading 114971 bytes
2023-05-10 10:52:33 [NoName         ]     binaryloaddata.cpp:12    INFO| Reading 134683 bytes
2023-05-10 10:52:33 [NoName         ]     binaryloaddata.cpp:12    INFO| Reading 111387 bytes
2023-05-10 10:52:33 [NoName         ]     binaryloaddata.cpp:12    INFO| Reading 63003 bytes
2023-05-10 10:52:33 [NoName         ]     binaryloaddata.cpp:12    INFO| Reading 89883 bytes
2023-05-10 10:52:33 [NoName         ]     binaryloaddata.cpp:12    INFO| Reading 107803 bytes
2023-05-10 10:52:33 [NoName         ]     binaryloaddata.cpp:12    INFO| Reading 125723 bytes
2023-05-10 10:52:33 [NoName         ]     binaryloaddata.cpp:12    INFO| Reading 154395 bytes
2023-05-10 10:52:33 [NoName         ]     binaryloaddata.cpp:12    INFO| Reading 63003 bytes
2023-05-10 10:52:33 [NoName         ]     binaryloaddata.cpp:12    INFO| Reading 114971 bytes
2023-05-10 10:52:33 [NoName         ]     binaryloaddata.cpp:12    INFO| Reading 114971 bytes
2023-05-10 10:52:33 [NoName         ]     binaryloaddata.cpp:12    INFO| Reading 63003 bytes
2023-05-10 10:52:33 [NoName         ]     binaryloaddata.cpp:12    INFO| Reading 114971 bytes
2023-05-10 10:52:33 [NoName         ]     binaryloaddata.cpp:12    INFO| Reading 111387 bytes
2023-05-10 10:52:33 [NoName         ]     binaryloaddata.cpp:12    INFO| Reading 149915 bytes
2023-05-10 10:52:33 [NoName         ]     binaryloaddata.cpp:12    INFO| Reading 89883 bytes
2023-05-10 10:52:33 [NoName         ]     binaryloaddata.cpp:12    INFO| Reading 159323 bytes
2023-05-10 10:52:33 [NoName         ]     binaryloaddata.cpp:12    INFO| Reading 116763 bytes
2023-05-10 10:52:33 [NoName         ]     binaryloaddata.cpp:12    INFO| Reading 44187 bytes
2023-05-10 10:52:33 [NoName         ]     binaryloaddata.cpp:12    INFO| Reading 22683 bytes
2023-05-10 10:52:33 [NoName         ]     binaryloaddata.cpp:12    INFO| Reading 125723 bytes
2023-05-10 10:52:33 [NoName         ]     binaryloaddata.cpp:12    INFO| Reading 18203 bytes
2023-05-10 10:52:33 [NoName         ]    gamedatamanager.cpp:977    DBG| ReadAnimationData took 0.296660 seconds
2023-05-10 10:52:33 [NoName         ]    gamedatamanager.cpp:982    DBG| ReadTextData took 0.054867 seconds
2023-05-10 10:52:33 [NoName         ]    gamedatamanager.cpp:990    DBG| ReadGameData took 0.419371 seconds
2023-05-10 10:52:33 [MainThread     ]       launchscreen.cpp:301    DBG| Done with boot load
2023-05-10 10:52:33 [MainThread     ]           ingameui.cpp:43    INFO| InGameUI Construct
2023-05-10 10:52:33 [MainThread     ]  windowsfilesystem.cpp:209    ERR| Error opening file: D:\SteamLibrary\steamapps\common\Hades\Content\Game\InGameUI.sjson -- rb (error: No such file or directory)
2023-05-10 10:52:34 [MainThread     ]       launchscreen.cpp:667    DBG| Launch took 3.854449 seconds
2023-05-10 10:52:34 [MainThread     ]  windowsfilesystem.cpp:209    ERR| Error opening file: D:\SteamLibrary\steamapps\common\Hades\Content\Game\MainMenuScreen.sjson -- rb (error: No such file or directory)
2023-05-10 10:52:41 [MainThread     ]  windowsfilesystem.cpp:209    ERR| Error opening file: D:\SteamLibrary\steamapps\common\Hades\Content\Game\CloudSyncDialog.sjson -- rb (error: No such file or directory)
2023-05-10 10:52:41 [NoName         ]         platformfile.h:191    DBG| WindowsFile::DirectoryGetFiles(  C:\Users\user\Documents\Saved Games\Hades  ,  , *.sav  )
2023-05-10 10:52:41 [NoName         ]    progressmanager.cpp:843   INFO| ProgressManager.load Profile1.sav IPlatformSaveDevice
2023-05-10 10:52:41 [NoName         ]       pcsavedevice.cpp:249   INFO| Opening save file for reading: Profile1.sav
2023-05-10 10:52:41 [NoName         ]     binaryloaddata.cpp:12    INFO| Reading 469647 bytes
2023-05-10 10:52:41 [NoName         ]    progressmanager.cpp:882   INFO| Load succeeded
2023-05-10 10:52:41 [NoName         ]    progressmanager.cpp:843   INFO| ProgressManager.load Profile1.v.sav IPlatformSaveDevice
2023-05-10 10:52:41 [NoName         ]       pcsavedevice.cpp:249   INFO| Opening save file for reading: Profile1.v.sav
2023-05-10 10:52:41 [NoName         ]     binaryloaddata.cpp:12    INFO| Reading 9 bytes
2023-05-10 10:52:41 [NoName         ]    progressmanager.cpp:882   INFO| Load succeeded
2023-05-10 10:52:41 [NoName         ]    progressmanager.cpp:843   INFO| ProgressManager.load Profile1_Temp.sav IPlatformSaveDevice
2023-05-10 10:52:41 [NoName         ]       pcsavedevice.cpp:249   INFO| Opening save file for reading: Profile1_Temp.sav
2023-05-10 10:52:41 [NoName         ]     binaryloaddata.cpp:12    INFO| Reading 387165 bytes
2023-05-10 10:52:41 [NoName         ]    progressmanager.cpp:882   INFO| Load succeeded
2023-05-10 10:52:42 [MainThread     ] remoteprofilescreen.cpp:603    DBG| ActiveProfile = Profile1
2023-05-10 10:52:42 [MainThread     ] remoteprofilescreen.cpp:617    DBG| Profile1 == Profile1, ActiveProfile Index = 0
2023-05-10 10:52:42 [MainThread     ]  windowsfilesystem.cpp:209    ERR| Error opening file: D:\SteamLibrary\steamapps\common\Hades\Content\Game\RemoteProfileScreen.sjson -- rb (error: No such file or directory)
2023-05-10 10:52:42 [MainThread     ] remoteprofilescreen.cpp:686    DBG| Finishing Creating Components For RemoteProfileScreen
2023-05-10 10:52:42 [NoName         ] remoteprofilescreen.cpp:61     DBG| SetupProfiles
2023-05-10 10:52:42 [NoName         ]         platformfile.h:191    DBG| WindowsFile::DirectoryGetFiles(  C:\Users\user\Documents\Saved Games\Hades  ,  , *.sjson  )
2023-05-10 10:52:42 [NoName         ] remoteprofilescreen.cpp:66     DBG| Total saves :3
2023-05-10 10:52:42 [NoName         ]    progressmanager.cpp:190    DBG| Getting Preferred Save
2023-05-10 10:52:42 [NoName         ]    progressmanager.cpp:198    DBG| MainSaveInfo
2023-05-10 10:52:42 [NoName         ]    progressmanager.cpp:205    DBG| tempSaveInfo
2023-05-10 10:52:42 [NoName         ]    progressmanager.cpp:212    DBG| mainSaveIndex >
2023-05-10 10:52:42 [NoName         ]    progressmanager.cpp:218    DBG| tempSaveIndex >
2023-05-10 10:52:42 [NoName         ]    progressmanager.cpp:233    DBG| tempSaveValid >
2023-05-10 10:52:42 [NoName         ] remoteprofilescreen.cpp:75     DBG| localSaveFileName  :Profile1_Temp.sav
2023-05-10 10:52:42 [NoName         ] remoteprofilescreen.cpp:78     DBG| !saveFileName.empty()
2023-05-10 10:52:42 [NoName         ] remoteprofilescreen.cpp:82     DBG| mProfileButtons[0]->mDataValue: Profile1_Temp
2023-05-10 10:52:42 [NoName         ]    progressmanager.cpp:190    DBG| Getting Preferred Save
2023-05-10 10:52:42 [NoName         ]    progressmanager.cpp:198    DBG| MainSaveInfo
2023-05-10 10:52:42 [NoName         ]    progressmanager.cpp:205    DBG| tempSaveInfo
2023-05-10 10:52:42 [NoName         ]    progressmanager.cpp:212    DBG| mainSaveIndex >
2023-05-10 10:52:42 [NoName         ]    progressmanager.cpp:218    DBG| tempSaveIndex >
2023-05-10 10:52:42 [NoName         ]    progressmanager.cpp:238    DBG| mainSaveIndex >= 0
2023-05-10 10:52:42 [NoName         ] remoteprofilescreen.cpp:75     DBG| localSaveFileName  :
2023-05-10 10:52:42 [NoName         ]    progressmanager.cpp:190    DBG| Getting Preferred Save
2023-05-10 10:52:42 [NoName         ]    progressmanager.cpp:198    DBG| MainSaveInfo
2023-05-10 10:52:42 [NoName         ]    progressmanager.cpp:205    DBG| tempSaveInfo
2023-05-10 10:52:42 [NoName         ]    progressmanager.cpp:212    DBG| mainSaveIndex >
2023-05-10 10:52:42 [NoName         ]    progressmanager.cpp:218    DBG| tempSaveIndex >
2023-05-10 10:52:42 [NoName         ]    progressmanager.cpp:238    DBG| mainSaveIndex >= 0
2023-05-10 10:52:42 [NoName         ] remoteprofilescreen.cpp:75     DBG| localSaveFileName  :
2023-05-10 10:52:42 [NoName         ]    progressmanager.cpp:190    DBG| Getting Preferred Save
2023-05-10 10:52:42 [NoName         ]    progressmanager.cpp:198    DBG| MainSaveInfo
2023-05-10 10:52:42 [NoName         ]    progressmanager.cpp:205    DBG| tempSaveInfo
2023-05-10 10:52:42 [NoName         ]    progressmanager.cpp:212    DBG| mainSaveIndex >
2023-05-10 10:52:42 [NoName         ]    progressmanager.cpp:218    DBG| tempSaveIndex >
2023-05-10 10:52:42 [NoName         ]    progressmanager.cpp:238    DBG| mainSaveIndex >= 0
2023-05-10 10:52:42 [NoName         ] remoteprofilescreen.cpp:75     DBG| localSaveFileName  :
2023-05-10 10:52:44 [MainThread     ] remoteprofilescreen.cpp:778    DBG| Enter Profile Button
2023-05-10 10:52:44 [MainThread     ] remoteprofilescreen.cpp:486    DBG| Enter StartOrContinueGame
2023-05-10 10:52:44 [MainThread     ] remoteprofilescreen.cpp:506    DBG| loading CheckPoint
2023-05-10 10:52:44 [MainThread     ]    progressmanager.cpp:1243  INFO| ProgressManager.load Profile1_Temp.sav IPlatformSaveDevice
2023-05-10 10:52:44 [NoName         ]       pcsavedevice.cpp:249   INFO| Opening save file for reading: Profile1_Temp.sav
2023-05-10 10:52:44 [NoName         ]     binaryloaddata.cpp:12    INFO| Reading 387165 bytes
2023-05-10 10:52:44 [MainThread     ]    progressmanager.cpp:1305  INFO| Load succeeded
2023-05-10 10:52:44 [MainThread     ]                app.cpp:1488   DBG| App.Reset Start
2023-05-10 10:52:44 [MainThread     ]             luaext.cpp:453   INFO| Lua interface destroyed
2023-05-10 10:52:45 [MainThread     ]       audiomanager.cpp:158    DBG| AudioManager.reset
2023-05-10 10:52:45 [MainThread     ]       audiomanager.cpp:3420   DBG| AudioManager.reset, excludeId = -1, fullWipe = true
2023-05-10 10:52:45 [MainThread     ]     profilemanager.cpp:40    INFO| Loading default profile C:\Users\user\Documents\Saved Games\Hades Profile1
2023-05-10 10:52:45 [MainThread     ]     profilemanager.cpp:187   INFO| ProfileManager::Load(): Profile1.sjson 
2023-05-10 10:52:45 [MainThread     ]       pcsavedevice.cpp:249   INFO| Opening save file for reading: Profile1.sjson
2023-05-10 10:52:45 [MainThread     ]      configoptions.cpp:1567  INFO| ConfigOption: WindowHeight = 1080
2023-05-10 10:52:45 [MainThread     ]      configoptions.cpp:1581  INFO| ConfigOption: MasterVolume = 0.611942
2023-05-10 10:52:45 [MainThread     ]      configoptions.cpp:1567  INFO| ConfigOption: NewUpdateSoundRevisionViewed = 38290
2023-05-10 10:52:45 [MainThread     ]      configoptions.cpp:1567  INFO| ConfigOption: BackupSaveCount = 3
2023-05-10 10:52:45 [MainThread     ]      configoptions.cpp:1567  INFO| ConfigOption: LastRoadmapRevisionViewed = 38290
2023-05-10 10:52:45 [MainThread     ]      configoptions.cpp:1581  INFO| ConfigOption: MusicVolume = 0.961865
2023-05-10 10:52:45 [MainThread     ]      configoptions.cpp:1567  INFO| ConfigOption: DisplayIndex = 0
2023-05-10 10:52:45 [MainThread     ]      configoptions.cpp:1567  INFO| ConfigOption: LastPatchNoteRevisionViewed = 38290
2023-05-10 10:52:45 [MainThread     ]      configoptions.cpp:1567  INFO| ConfigOption: Y = 1080
2023-05-10 10:52:45 [MainThread     ]      configoptions.cpp:1567  INFO| ConfigOption: X = 1920
2023-05-10 10:52:45 [MainThread     ]      configoptions.cpp:1567  INFO| ConfigOption: WindowWidth = 1920
2023-05-10 10:52:45 [MainThread     ]     profilemanager.cpp:216   INFO| Load profile successful
2023-05-10 10:52:45 [MainThread     ]  windowsfilesystem.cpp:209    ERR| Error opening file: C:\Users\user\Documents\Saved Games\Hades\ANIKET-PC.sjson -- rb (error: No such file or directory)
2023-05-10 10:52:45 [MainThread     ]  windowsfilesystem.cpp:209    ERR| Error opening file: D:\SteamLibrary\steamapps\common\Hades\Content\ConfigOptions\ANIKET-PC.sjson -- rb (error: No such file or directory)
2023-05-10 10:52:45 [MainThread     ]      configoptions.cpp:1588  INFO| ConfigOption: NextUpdateDate = NextUpdateCountdownCustom
2023-05-10 10:52:45 [MainThread     ]      configoptions.cpp:1588  INFO| ConfigOption: LastUpdateDate = 07-03-2020
2023-05-10 10:52:45 [MainThread     ]      configoptions.cpp:1588  INFO| ConfigOption: UpdateWarningDate = 11-01-2020
2023-05-10 10:52:45 [MainThread     ]      configoptions.cpp:1588  INFO| ConfigOption: SaveCollectionBeginDate = 10-05-2020
2023-05-10 10:52:45 [MainThread     ]      configoptions.cpp:1588  INFO| ConfigOption: SaveCollectionEndDate = 10-09-2020
2023-05-10 10:52:45 [MainThread     ]     binarysavedata.cpp:17    INFO| Writing 16 bytes
2023-05-10 10:52:45 [MainThread     ]                app.cpp:1539   DBG| App.Reset Finished
2023-05-10 10:52:45 [MainThread     ]              world.cpp:1526  INFO| World::Begin()  -> B_Combat02
2023-05-10 10:52:45 [MainThread     ]       audiomanager.cpp:1062   DBG| Unloading map banks
2023-05-10 10:52:45 [NoName         ]              world.cpp:1329  INFO| Loading next map: B_Combat02
2023-05-10 10:52:45 [NoName         ]              world.cpp:1370  INFO| PreScriptLoad
2023-05-10 10:52:45 [NoName         ]     binaryloaddata.cpp:12    INFO| Reading 362925 bytes
2023-05-10 10:52:45 [NoName         ]       audiomanager.cpp:1022   DBG| Loading map banks for: B_Combat02
2023-05-10 10:52:45 [NoName         ]       audiomanager.cpp:775    DBG| Loading bank: Asphodel.bank
2023-05-10 10:52:45 [NoName         ]    progressmanager.cpp:1160  INFO| ProgressManager::LoadLua 386426 -> 1863033 4.821189 : 0.007334 s
2023-05-10 10:52:45 [NoName         ]              world.cpp:1382  INFO| PreScriptLoad Done
2023-05-10 10:52:45 [NoName         ]   gameassetmanager.cpp:436   INFO| Start reading manifest Asphodel
2023-05-10 10:52:45 [NoName         ]   gameassetmanager.cpp:489   INFO| Done reading manifest Asphodel
2023-05-10 10:52:45 [NoName         ]              world.cpp:1398   DBG| load packages took 0.005753
2023-05-10 10:52:45 [GameAssetManagerLoadThread]   gameassetmanager.cpp:515   INFO| Loading package: Asphodel.pkg
2023-05-10 10:52:45 [NoName         ]              world.cpp:1420   DBG| loadScriptsTask Done 
2023-05-10 10:52:45 [NoName         ]              world.cpp:1360   DBG| Map Load took 0.036645
2023-05-10 10:52:45 [GameAssetManagerLoadThread]   gameassetmanager.cpp:545   INFO| Package Loaded: Asphodel
2023-05-10 10:52:45 [NoName         ]              world.cpp:1424   DBG| Finished Asset Loading 
2023-05-10 10:52:45 [NoName         ]              world.cpp:1431   DBG| Calling PostLoad
2023-05-10 10:52:45 [NoName         ]   gameassetmanager.cpp:436   INFO| Start reading manifest DionysusUpgrade
2023-05-10 10:52:45 [NoName         ]   gameassetmanager.cpp:489   INFO| Done reading manifest DionysusUpgrade
2023-05-10 10:52:45 [GameAssetManagerLoadThread]   gameassetmanager.cpp:515   INFO| Loading package: DionysusUpgrade.pkg
2023-05-10 10:52:45 [GameAssetManagerLoadThread]   gameassetmanager.cpp:545   INFO| Package Loaded: DionysusUpgrade
2023-05-10 10:52:45 [NoName         ]   gameassetmanager.cpp:436   INFO| Start reading manifest AthenaUpgrade
2023-05-10 10:52:45 [NoName         ]   gameassetmanager.cpp:489   INFO| Done reading manifest AthenaUpgrade
2023-05-10 10:52:45 [GameAssetManagerLoadThread]   gameassetmanager.cpp:515   INFO| Loading package: AthenaUpgrade.pkg
2023-05-10 10:52:45 [GameAssetManagerLoadThread]   gameassetmanager.cpp:545   INFO| Package Loaded: AthenaUpgrade
2023-05-10 10:52:45 [NoName         ]   gameassetmanager.cpp:436   INFO| Start reading manifest AresUpgrade
2023-05-10 10:52:45 [NoName         ]   gameassetmanager.cpp:489   INFO| Done reading manifest AresUpgrade
2023-05-10 10:52:45 [GameAssetManagerLoadThread]   gameassetmanager.cpp:515   INFO| Loading package: AresUpgrade.pkg
2023-05-10 10:52:45 [GameAssetManagerLoadThread]   gameassetmanager.cpp:545   INFO| Package Loaded: AresUpgrade
2023-05-10 10:52:45 [NoName         ]              world.cpp:1433   DBG| Finished PostLaod
2023-05-10 10:52:45 [NoName         ]              world.cpp:1435   DBG| Finished Asset Loading 
2023-05-10 10:52:45 [NoName         ]              world.cpp:1440   DBG| end of postLoadTask
2023-05-10 10:52:45 [MainThread     ]  windowsfilesystem.cpp:209    ERR| Error opening file: D:\SteamLibrary\steamapps\common\Hades\Content\Win\Packages\GunGrenadeToss.pkg_manifest -- rb (error: No such file or directory)
2023-05-10 10:52:45 [GameAssetManagerLoadThread]   gameassetmanager.cpp:515   INFO| Loading package: GunGrenadeToss.pkg
2023-05-10 10:52:45 [GameAssetManagerLoadThread]  windowsfilesystem.cpp:209    ERR| Error opening file: D:\SteamLibrary\steamapps\common\Hades\Content\Win\Packages\GunGrenadeToss.pkg_manifest -- rb (error: No such file or directory)
2023-05-10 10:52:45 [GameAssetManagerLoadThread]  windowsfilesystem.cpp:209    ERR| Error opening file: D:\SteamLibrary\steamapps\common\Hades\Content\Win\Packages\GunGrenadeToss.pkg -- rb (error: No such file or directory)
2023-05-10 10:52:45 [GameAssetManagerLoadThread]   gameassetmanager.cpp:401    ERR| Package load failed GunGrenadeToss.pkg
2023-05-10 10:52:45 [GameAssetManagerLoadThread]   gameassetmanager.cpp:545   INFO| Package Loaded: GunGrenadeToss
2023-05-10 10:52:45 [RenderThread   ]     rendercommands.cpp:625   INFO| Resetting RenderMesh Caches. ResetRequest: 1, BufferMaxLoad: 0.00
2023-05-10 10:53:06 [NoName         ]     binarysavedata.cpp:17    INFO| Writing 9 bytes
2023-05-10 10:53:11 [NoName         ]     binarysavedata.cpp:17    INFO| Writing 9 bytes
2023-05-10 10:53:11 [MainThread     ]              world.cpp:1526  INFO| World::Begin() B_Combat02 -> B_Wrapping01
2023-05-10 10:53:11 [MainThread     ]    progressmanager.cpp:936   INFO| Lua::Save() : 0.006509 s
2023-05-10 10:53:11 [MainThread     ]    progressmanager.cpp:916   INFO| GatherSaveData : 0.008697 s
2023-05-10 10:53:11 [MainThread     ]       audiomanager.cpp:1057   DBG| Skipped unloading map banks
2023-05-10 10:53:11 [NoName         ]     binarysavedata.cpp:17    INFO| Writing 394876 bytes
2023-05-10 10:53:11 [NoName         ]              world.cpp:1370  INFO| PreScriptLoad
2023-05-10 10:53:11 [NoName         ]              world.cpp:1382  INFO| PreScriptLoad Done
2023-05-10 10:53:11 [NoName         ]              world.cpp:1329  INFO| Loading next map: B_Wrapping01
2023-05-10 10:53:11 [NoName         ]              world.cpp:1398   DBG| load packages took 0.000005
2023-05-10 10:53:11 [NoName         ]              world.cpp:1420   DBG| loadScriptsTask Done 
2023-05-10 10:53:11 [NoName         ]              world.cpp:1424   DBG| Finished Asset Loading 
2023-05-10 10:53:11 [NoName         ]     binaryloaddata.cpp:12    INFO| Reading 223948 bytes
2023-05-10 10:53:11 [NoName         ]       audiomanager.cpp:1022   DBG| Loading map banks for: B_Wrapping01
2023-05-10 10:53:11 [NoName         ]       audiomanager.cpp:775    DBG| Loading bank: Asphodel.bank
2023-05-10 10:53:11 [NoName         ]       audiomanager.cpp:832    DBG| Already loaded :Asphodel.bank
2023-05-10 10:53:11 [NoName         ]              world.cpp:1360   DBG| Map Load took 0.078322
2023-05-10 10:53:11 [NoName         ]              world.cpp:1431   DBG| Calling PostLoad
2023-05-10 10:53:11 [NoName         ]              world.cpp:1433   DBG| Finished PostLaod
2023-05-10 10:53:11 [NoName         ]              world.cpp:1435   DBG| Finished Asset Loading 
2023-05-10 10:53:11 [NoName         ]              world.cpp:1440   DBG| end of postLoadTask
2023-05-10 10:53:12 [RenderThread   ]     rendercommands.cpp:625   INFO| Resetting RenderMesh Caches. ResetRequest: 1, BufferMaxLoad: 0.19
2023-05-10 10:53:19 [RenderThread   ]     rendercommands.cpp:625   INFO| Resetting RenderMesh Caches. ResetRequest: 0, BufferMaxLoad: 0.75
2023-05-10 10:53:48 [MainThread     ]  windowsfilesystem.cpp:209    ERR| Error opening file: D:\SteamLibrary\steamapps\common\Hades\Content\Game\PauseScreen.sjson -- rb (error: No such file or directory)
2023-05-10 10:53:48 [MainThread     ]              world.cpp:1593  INFO| World::Stop()
2023-05-10 10:54:20 [NoName         ]     binarysavedata.cpp:17    INFO| Writing 9 bytes
2023-05-10 10:54:38 [MainThread     ]  windowsfilesystem.cpp:209    ERR| Error opening file: D:\SteamLibrary\steamapps\common\Hades\Content\Game\PauseScreen.sjson -- rb (error: No such file or directory)
2023-05-10 10:54:38 [MainThread     ]              world.cpp:1593  INFO| World::Stop()
2023-05-10 10:54:40 [MainThread     ]  windowsfilesystem.cpp:209    ERR| Error opening file: D:\SteamLibrary\steamapps\common\Hades\Content\Game\ExitConfirmDialog.sjson -- rb (error: No such file or directory)
2023-05-10 10:54:46 [MainThread     ]  windowsfilesystem.cpp:209    ERR| Error opening file: D:\SteamLibrary\steamapps\common\Hades\Content\Game\PauseScreen.sjson -- rb (error: No such file or directory)
2023-05-10 10:54:46 [MainThread     ]              world.cpp:1593  INFO| World::Stop()
2023-05-10 10:54:52 [MainThread     ]  windowsfilesystem.cpp:209    ERR| Error opening file: D:\SteamLibrary\steamapps\common\Hades\Content\Game\ExitConfirmDialog.sjson -- rb (error: No such file or directory)
2023-05-10 10:54:53 [MainThread     ]     profilemanager.cpp:126   INFO| saveProfile()
2023-05-10 10:54:53 [MainThread     ]       audiomanager.cpp:158    DBG| AudioManager.reset
2023-05-10 10:54:53 [NoName         ]     profilemanager.cpp:90    INFO| beginning profile write
2023-05-10 10:54:53 [MainThread     ]       audiomanager.cpp:3420   DBG| AudioManager.reset, excludeId = -1, fullWipe = true
2023-05-10 10:54:53 [NoName         ]     binarysavedata.cpp:17    INFO| Writing 9 bytes
2023-05-10 10:54:53 [NoName         ]     profilemanager.cpp:110   INFO| profile write done
2023-05-10 10:54:53 [MainThread     ]  windowsfilesystem.cpp:209    ERR| Error opening file: D:\SteamLibrary\steamapps\common\Hades\Content\Game\MainMenuScreen.sjson -- rb (error: No such file or directory)
2023-05-10 10:54:55 [MainThread     ]     profilemanager.cpp:126   INFO| saveProfile()
2023-05-10 10:54:55 [NoName         ]     profilemanager.cpp:90    INFO| beginning profile write
2023-05-10 10:54:55 [NoName         ]     profilemanager.cpp:110   INFO| profile write done
2023-05-10 10:54:55 [MainThread     ]                app.cpp:255    DBG| Shutting down
2023-05-10 10:54:55 [MainThread     ]           ingameui.cpp:37    INFO| InGameUI Destroy
2023-05-10 10:54:56 [MainThread     ]             luaext.cpp:445   INFO| Lua interface destroyed
